<html>
<head>
<title>TestNG:  HitApi,compareXMl,TD-CSV</title>
<link href="../testng.css" rel="stylesheet" type="text/css" />
<link href="../my-testng.css" rel="stylesheet" type="text/css" />

<style type="text/css">
.log { display: none;} 
.stack-trace { display: none;} 
</style>
<script type="text/javascript">
<!--
function flip(e) {
  current = e.style.display;
  if (current == 'block') {
    e.style.display = 'none';
    return 0;
  }
  else {
    e.style.display = 'block';
    return 1;
  }
}

function toggleBox(szDivId, elem, msg1, msg2)
{
  var res = -1;  if (document.getElementById) {
    res = flip(document.getElementById(szDivId));
  }
  else if (document.all) {
    // this is the way old msie versions work
    res = flip(document.all[szDivId]);
  }
  if(elem) {
    if(res == 0) elem.innerHTML = msg1; else elem.innerHTML = msg2;
  }

}

function toggleAllBoxes() {
  if (document.getElementsByTagName) {
    d = document.getElementsByTagName('div');
    for (i = 0; i < d.length; i++) {
      if (d[i].className == 'log') {
        flip(d[i]);
      }
    }
  }
}

// -->
</script>

</head>
<body>
<h2 align='center'>HitApi,compareXMl,TD-CSV</h2><table border='1' align="center">
<tr>
<td>Tests passed/Failed/Skipped:</td><td>0/21/3</td>
</tr><tr>
<td>Started on:</td><td>Wed Apr 20 13:56:06 IST 2022</td>
</tr>
<tr><td>Total time:</td><td>35 seconds (35542 ms)</td>
</tr><tr>
<td>Included groups:</td><td></td>
</tr><tr>
<td>Excluded groups:</td><td></td>
</tr>
</table><p/>
<small><i>(Hover the method name to see the test class name)</i></small><p/>
<table width='100%' border='1' class='invocation-failed'>
<tr><td colspan='4' align='center'><b>FAILED TESTS</b></td></tr>
<tr><td><b>Test method</b></td>
<td width="30%"><b>Exception</b></td>
<td width="10%"><b>Time (seconds)</b></td>
<td><b>Instance</b></td>
</tr>
<tr>
<td title='testcases.TestToHitApiNcompareXMLs.hitApiandCompareXML()'><b>hitApiandCompareXML</b><br>Test class: testcases.TestToHitApiNcompareXMLs<br>Test method: TestToHitApiNcompareXMLs<br>Parameters: i0307.POQEQQ_20220204-145823_000080511810_005056ad3f341eeca1c1be7ed1f4ed0d.xml, 80217940.xml, outputxml70, org.testng.TestRunner@16ce702d</td>
<td><div><pre>java.lang.AssertionError: Expected child nodelist length &apos;1&apos; but was &apos;3&apos; - comparing &lt;DPNGPricingResponse...&gt; at /DPNGPricingResponse[1] to &lt;employees...&gt; at /employees[1] (DIFFERENT)
	at baseCode.CompareXMLFiles.filterAttributeandComparefiles(CompareXMLFiles.java:87)
	at testcases.TestToHitApiNcompareXMLs.hitApiandCompareXML(TestToHitApiNcompareXMLs.java:33)
	at java.base/java.util.ArrayList.forEach(ArrayList.java:1540)
... Removed 28 stack frames</pre></div><a href='#' onClick='toggleBox("stack-trace1532409428", this, "Click to show all stack frames", "Click to hide stack frames")'>Click to show all stack frames</a>
<div class='stack-trace' id='stack-trace1532409428'><pre>java.lang.AssertionError: Expected child nodelist length &apos;1&apos; but was &apos;3&apos; - comparing &lt;DPNGPricingResponse...&gt; at /DPNGPricingResponse[1] to &lt;employees...&gt; at /employees[1] (DIFFERENT)
	at org.testng.Assert.fail(Assert.java:99)
	at baseCode.CompareXMLFiles.filterAttributeandComparefiles(CompareXMLFiles.java:87)
	at testcases.TestToHitApiNcompareXMLs.hitApiandCompareXML(TestToHitApiNcompareXMLs.java:33)
	at java.base/jdk.internal.reflect.NativeMethodAccessorImpl.invoke0(Native Method)
	at java.base/jdk.internal.reflect.NativeMethodAccessorImpl.invoke(NativeMethodAccessorImpl.java:62)
	at java.base/jdk.internal.reflect.DelegatingMethodAccessorImpl.invoke(DelegatingMethodAccessorImpl.java:43)
	at java.base/java.lang.reflect.Method.invoke(Method.java:566)
	at org.testng.internal.MethodInvocationHelper.invokeMethod(MethodInvocationHelper.java:133)
	at org.testng.internal.TestInvoker.invokeMethod(TestInvoker.java:598)
	at org.testng.internal.TestInvoker.invokeTestMethod(TestInvoker.java:173)
	at org.testng.internal.MethodRunner.runInSequence(MethodRunner.java:46)
	at org.testng.internal.TestInvoker$MethodInvocationAgent.invoke(TestInvoker.java:824)
	at org.testng.internal.TestInvoker.invokeTestMethods(TestInvoker.java:146)
	at org.testng.internal.TestMethodWorker.invokeTestMethods(TestMethodWorker.java:146)
	at org.testng.internal.TestMethodWorker.run(TestMethodWorker.java:128)
	at java.base/java.util.ArrayList.forEach(ArrayList.java:1540)
	at org.testng.TestRunner.privateRun(TestRunner.java:794)
	at org.testng.TestRunner.run(TestRunner.java:596)
	at org.testng.SuiteRunner.runTest(SuiteRunner.java:377)
	at org.testng.SuiteRunner.runSequentially(SuiteRunner.java:371)
	at org.testng.SuiteRunner.privateRun(SuiteRunner.java:332)
	at org.testng.SuiteRunner.run(SuiteRunner.java:276)
	at org.testng.SuiteRunnerWorker.runSuite(SuiteRunnerWorker.java:53)
	at org.testng.SuiteRunnerWorker.run(SuiteRunnerWorker.java:96)
	at org.testng.TestNG.runSuitesSequentially(TestNG.java:1212)
	at org.testng.TestNG.runSuitesLocally(TestNG.java:1134)
	at org.testng.TestNG.runSuites(TestNG.java:1063)
	at org.testng.TestNG.run(TestNG.java:1031)
	at org.testng.remote.AbstractRemoteTestNG.run(AbstractRemoteTestNG.java:115)
	at org.testng.remote.RemoteTestNG.initAndRun(RemoteTestNG.java:251)
	at org.testng.remote.RemoteTestNG.main(RemoteTestNG.java:77)
</pre></div></td>
<td>0</td>
<td>testcases.TestToHitApiNcompareXMLs@7b8b43c7</td></tr>
<tr>
<td title='testcases.TestToHitApiNcompareXMLs.hitApiandCompareXML()'><b>hitApiandCompareXML</b><br>Test class: testcases.TestToHitApiNcompareXMLs<br>Test method: TestToHitApiNcompareXMLs<br>Parameters: i0307.POQEQQ_20220204-160458_000080441134_005056ad3f341eeca1c2e81ca8ed6d14.xml, 80217940.outtarget.xml, outputxml111, org.testng.TestRunner@16ce702d</td>
<td><div><pre>java.lang.AssertionError: Expected child nodelist length &apos;1&apos; but was &apos;3&apos; - comparing &lt;DPNGPricingResponse...&gt; at /DPNGPricingResponse[1] to &lt;employees...&gt; at /employees[1] (DIFFERENT)
	at baseCode.CompareXMLFiles.filterAttributeandComparefiles(CompareXMLFiles.java:87)
	at testcases.TestToHitApiNcompareXMLs.hitApiandCompareXML(TestToHitApiNcompareXMLs.java:33)
	at java.base/java.util.ArrayList.forEach(ArrayList.java:1540)
... Removed 27 stack frames</pre></div><a href='#' onClick='toggleBox("stack-trace979532928", this, "Click to show all stack frames", "Click to hide stack frames")'>Click to show all stack frames</a>
<div class='stack-trace' id='stack-trace979532928'><pre>java.lang.AssertionError: Expected child nodelist length &apos;1&apos; but was &apos;3&apos; - comparing &lt;DPNGPricingResponse...&gt; at /DPNGPricingResponse[1] to &lt;employees...&gt; at /employees[1] (DIFFERENT)
	at org.testng.Assert.fail(Assert.java:99)
	at baseCode.CompareXMLFiles.filterAttributeandComparefiles(CompareXMLFiles.java:87)
	at testcases.TestToHitApiNcompareXMLs.hitApiandCompareXML(TestToHitApiNcompareXMLs.java:33)
	at jdk.internal.reflect.GeneratedMethodAccessor1.invoke(Unknown Source)
	at java.base/jdk.internal.reflect.DelegatingMethodAccessorImpl.invoke(DelegatingMethodAccessorImpl.java:43)
	at java.base/java.lang.reflect.Method.invoke(Method.java:566)
	at org.testng.internal.MethodInvocationHelper.invokeMethod(MethodInvocationHelper.java:133)
	at org.testng.internal.TestInvoker.invokeMethod(TestInvoker.java:598)
	at org.testng.internal.TestInvoker.invokeTestMethod(TestInvoker.java:173)
	at org.testng.internal.MethodRunner.runInSequence(MethodRunner.java:46)
	at org.testng.internal.TestInvoker$MethodInvocationAgent.invoke(TestInvoker.java:824)
	at org.testng.internal.TestInvoker.invokeTestMethods(TestInvoker.java:146)
	at org.testng.internal.TestMethodWorker.invokeTestMethods(TestMethodWorker.java:146)
	at org.testng.internal.TestMethodWorker.run(TestMethodWorker.java:128)
	at java.base/java.util.ArrayList.forEach(ArrayList.java:1540)
	at org.testng.TestRunner.privateRun(TestRunner.java:794)
	at org.testng.TestRunner.run(TestRunner.java:596)
	at org.testng.SuiteRunner.runTest(SuiteRunner.java:377)
	at org.testng.SuiteRunner.runSequentially(SuiteRunner.java:371)
	at org.testng.SuiteRunner.privateRun(SuiteRunner.java:332)
	at org.testng.SuiteRunner.run(SuiteRunner.java:276)
	at org.testng.SuiteRunnerWorker.runSuite(SuiteRunnerWorker.java:53)
	at org.testng.SuiteRunnerWorker.run(SuiteRunnerWorker.java:96)
	at org.testng.TestNG.runSuitesSequentially(TestNG.java:1212)
	at org.testng.TestNG.runSuitesLocally(TestNG.java:1134)
	at org.testng.TestNG.runSuites(TestNG.java:1063)
	at org.testng.TestNG.run(TestNG.java:1031)
	at org.testng.remote.AbstractRemoteTestNG.run(AbstractRemoteTestNG.java:115)
	at org.testng.remote.RemoteTestNG.initAndRun(RemoteTestNG.java:251)
	at org.testng.remote.RemoteTestNG.main(RemoteTestNG.java:77)
</pre></div></td>
<td>1</td>
<td>testcases.TestToHitApiNcompareXMLs@7b8b43c7</td></tr>
<tr>
<td title='testcases.TestToHitApiNcompareXMLs.hitApiandCompareXML()'><b>hitApiandCompareXML</b><br>Test class: testcases.TestToHitApiNcompareXMLs<br>Test method: TestToHitApiNcompareXMLs<br>Parameters: i0307.POQEQQ_20220204-150112_000080489197_005056ad3f341eeca1c1cb21ffaa2d0d.xml, 80217940.xml, outputxml92, org.testng.TestRunner@16ce702d</td>
<td><div><pre>java.lang.AssertionError: Expected child nodelist length &apos;1&apos; but was &apos;3&apos; - comparing &lt;DPNGPricingResponse...&gt; at /DPNGPricingResponse[1] to &lt;employees...&gt; at /employees[1] (DIFFERENT)
	at baseCode.CompareXMLFiles.filterAttributeandComparefiles(CompareXMLFiles.java:87)
	at testcases.TestToHitApiNcompareXMLs.hitApiandCompareXML(TestToHitApiNcompareXMLs.java:33)
	at java.base/java.util.ArrayList.forEach(ArrayList.java:1540)
... Removed 27 stack frames</pre></div><a href='#' onClick='toggleBox("stack-trace486662053", this, "Click to show all stack frames", "Click to hide stack frames")'>Click to show all stack frames</a>
<div class='stack-trace' id='stack-trace486662053'><pre>java.lang.AssertionError: Expected child nodelist length &apos;1&apos; but was &apos;3&apos; - comparing &lt;DPNGPricingResponse...&gt; at /DPNGPricingResponse[1] to &lt;employees...&gt; at /employees[1] (DIFFERENT)
	at org.testng.Assert.fail(Assert.java:99)
	at baseCode.CompareXMLFiles.filterAttributeandComparefiles(CompareXMLFiles.java:87)
	at testcases.TestToHitApiNcompareXMLs.hitApiandCompareXML(TestToHitApiNcompareXMLs.java:33)
	at jdk.internal.reflect.GeneratedMethodAccessor1.invoke(Unknown Source)
	at java.base/jdk.internal.reflect.DelegatingMethodAccessorImpl.invoke(DelegatingMethodAccessorImpl.java:43)
	at java.base/java.lang.reflect.Method.invoke(Method.java:566)
	at org.testng.internal.MethodInvocationHelper.invokeMethod(MethodInvocationHelper.java:133)
	at org.testng.internal.TestInvoker.invokeMethod(TestInvoker.java:598)
	at org.testng.internal.TestInvoker.invokeTestMethod(TestInvoker.java:173)
	at org.testng.internal.MethodRunner.runInSequence(MethodRunner.java:46)
	at org.testng.internal.TestInvoker$MethodInvocationAgent.invoke(TestInvoker.java:824)
	at org.testng.internal.TestInvoker.invokeTestMethods(TestInvoker.java:146)
	at org.testng.internal.TestMethodWorker.invokeTestMethods(TestMethodWorker.java:146)
	at org.testng.internal.TestMethodWorker.run(TestMethodWorker.java:128)
	at java.base/java.util.ArrayList.forEach(ArrayList.java:1540)
	at org.testng.TestRunner.privateRun(TestRunner.java:794)
	at org.testng.TestRunner.run(TestRunner.java:596)
	at org.testng.SuiteRunner.runTest(SuiteRunner.java:377)
	at org.testng.SuiteRunner.runSequentially(SuiteRunner.java:371)
	at org.testng.SuiteRunner.privateRun(SuiteRunner.java:332)
	at org.testng.SuiteRunner.run(SuiteRunner.java:276)
	at org.testng.SuiteRunnerWorker.runSuite(SuiteRunnerWorker.java:53)
	at org.testng.SuiteRunnerWorker.run(SuiteRunnerWorker.java:96)
	at org.testng.TestNG.runSuitesSequentially(TestNG.java:1212)
	at org.testng.TestNG.runSuitesLocally(TestNG.java:1134)
	at org.testng.TestNG.runSuites(TestNG.java:1063)
	at org.testng.TestNG.run(TestNG.java:1031)
	at org.testng.remote.AbstractRemoteTestNG.run(AbstractRemoteTestNG.java:115)
	at org.testng.remote.RemoteTestNG.initAndRun(RemoteTestNG.java:251)
	at org.testng.remote.RemoteTestNG.main(RemoteTestNG.java:77)
</pre></div></td>
<td>1</td>
<td>testcases.TestToHitApiNcompareXMLs@7b8b43c7</td></tr>
<tr>
<td title='testcases.TestToHitApiNcompareXMLs.hitApiandCompareXML()'><b>hitApiandCompareXML</b><br>Test class: testcases.TestToHitApiNcompareXMLs<br>Test method: TestToHitApiNcompareXMLs<br>Parameters: i0307.POQEQQ_20220204-150141_000080491283_005056ad3f341eeca1c1cd4df18f2d0d.xml, 80217940.xml, outputxml7, org.testng.TestRunner@16ce702d</td>
<td><div><pre>java.lang.AssertionError: Expected child nodelist length &apos;1&apos; but was &apos;3&apos; - comparing &lt;DPNGPricingResponse...&gt; at /DPNGPricingResponse[1] to &lt;employees...&gt; at /employees[1] (DIFFERENT)
	at baseCode.CompareXMLFiles.filterAttributeandComparefiles(CompareXMLFiles.java:87)
	at testcases.TestToHitApiNcompareXMLs.hitApiandCompareXML(TestToHitApiNcompareXMLs.java:33)
	at java.base/java.util.ArrayList.forEach(ArrayList.java:1540)
... Removed 28 stack frames</pre></div><a href='#' onClick='toggleBox("stack-trace1494277749", this, "Click to show all stack frames", "Click to hide stack frames")'>Click to show all stack frames</a>
<div class='stack-trace' id='stack-trace1494277749'><pre>java.lang.AssertionError: Expected child nodelist length &apos;1&apos; but was &apos;3&apos; - comparing &lt;DPNGPricingResponse...&gt; at /DPNGPricingResponse[1] to &lt;employees...&gt; at /employees[1] (DIFFERENT)
	at org.testng.Assert.fail(Assert.java:99)
	at baseCode.CompareXMLFiles.filterAttributeandComparefiles(CompareXMLFiles.java:87)
	at testcases.TestToHitApiNcompareXMLs.hitApiandCompareXML(TestToHitApiNcompareXMLs.java:33)
	at java.base/jdk.internal.reflect.NativeMethodAccessorImpl.invoke0(Native Method)
	at java.base/jdk.internal.reflect.NativeMethodAccessorImpl.invoke(NativeMethodAccessorImpl.java:62)
	at java.base/jdk.internal.reflect.DelegatingMethodAccessorImpl.invoke(DelegatingMethodAccessorImpl.java:43)
	at java.base/java.lang.reflect.Method.invoke(Method.java:566)
	at org.testng.internal.MethodInvocationHelper.invokeMethod(MethodInvocationHelper.java:133)
	at org.testng.internal.TestInvoker.invokeMethod(TestInvoker.java:598)
	at org.testng.internal.TestInvoker.invokeTestMethod(TestInvoker.java:173)
	at org.testng.internal.MethodRunner.runInSequence(MethodRunner.java:46)
	at org.testng.internal.TestInvoker$MethodInvocationAgent.invoke(TestInvoker.java:824)
	at org.testng.internal.TestInvoker.invokeTestMethods(TestInvoker.java:146)
	at org.testng.internal.TestMethodWorker.invokeTestMethods(TestMethodWorker.java:146)
	at org.testng.internal.TestMethodWorker.run(TestMethodWorker.java:128)
	at java.base/java.util.ArrayList.forEach(ArrayList.java:1540)
	at org.testng.TestRunner.privateRun(TestRunner.java:794)
	at org.testng.TestRunner.run(TestRunner.java:596)
	at org.testng.SuiteRunner.runTest(SuiteRunner.java:377)
	at org.testng.SuiteRunner.runSequentially(SuiteRunner.java:371)
	at org.testng.SuiteRunner.privateRun(SuiteRunner.java:332)
	at org.testng.SuiteRunner.run(SuiteRunner.java:276)
	at org.testng.SuiteRunnerWorker.runSuite(SuiteRunnerWorker.java:53)
	at org.testng.SuiteRunnerWorker.run(SuiteRunnerWorker.java:96)
	at org.testng.TestNG.runSuitesSequentially(TestNG.java:1212)
	at org.testng.TestNG.runSuitesLocally(TestNG.java:1134)
	at org.testng.TestNG.runSuites(TestNG.java:1063)
	at org.testng.TestNG.run(TestNG.java:1031)
	at org.testng.remote.AbstractRemoteTestNG.run(AbstractRemoteTestNG.java:115)
	at org.testng.remote.RemoteTestNG.initAndRun(RemoteTestNG.java:251)
	at org.testng.remote.RemoteTestNG.main(RemoteTestNG.java:77)
</pre></div></td>
<td>0</td>
<td>testcases.TestToHitApiNcompareXMLs@7b8b43c7</td></tr>
<tr>
<td title='testcases.TestToHitApiNcompareXMLs.hitApiandCompareXML()'><b>hitApiandCompareXML</b><br>Test class: testcases.TestToHitApiNcompareXMLs<br>Test method: TestToHitApiNcompareXMLs<br>Parameters: i0307.POQEQQ_20220204-145747_000080473299_005056ad3f341eeca1c1bbd5b1d26d0d.xml, 80217940.xml, outputxml61, org.testng.TestRunner@16ce702d</td>
<td><div><pre>java.lang.AssertionError: Expected child nodelist length &apos;1&apos; but was &apos;3&apos; - comparing &lt;DPNGPricingResponse...&gt; at /DPNGPricingResponse[1] to &lt;employees...&gt; at /employees[1] (DIFFERENT)
	at baseCode.CompareXMLFiles.filterAttributeandComparefiles(CompareXMLFiles.java:87)
	at testcases.TestToHitApiNcompareXMLs.hitApiandCompareXML(TestToHitApiNcompareXMLs.java:33)
	at java.base/java.util.ArrayList.forEach(ArrayList.java:1540)
... Removed 28 stack frames</pre></div><a href='#' onClick='toggleBox("stack-trace1157199772", this, "Click to show all stack frames", "Click to hide stack frames")'>Click to show all stack frames</a>
<div class='stack-trace' id='stack-trace1157199772'><pre>java.lang.AssertionError: Expected child nodelist length &apos;1&apos; but was &apos;3&apos; - comparing &lt;DPNGPricingResponse...&gt; at /DPNGPricingResponse[1] to &lt;employees...&gt; at /employees[1] (DIFFERENT)
	at org.testng.Assert.fail(Assert.java:99)
	at baseCode.CompareXMLFiles.filterAttributeandComparefiles(CompareXMLFiles.java:87)
	at testcases.TestToHitApiNcompareXMLs.hitApiandCompareXML(TestToHitApiNcompareXMLs.java:33)
	at java.base/jdk.internal.reflect.NativeMethodAccessorImpl.invoke0(Native Method)
	at java.base/jdk.internal.reflect.NativeMethodAccessorImpl.invoke(NativeMethodAccessorImpl.java:62)
	at java.base/jdk.internal.reflect.DelegatingMethodAccessorImpl.invoke(DelegatingMethodAccessorImpl.java:43)
	at java.base/java.lang.reflect.Method.invoke(Method.java:566)
	at org.testng.internal.MethodInvocationHelper.invokeMethod(MethodInvocationHelper.java:133)
	at org.testng.internal.TestInvoker.invokeMethod(TestInvoker.java:598)
	at org.testng.internal.TestInvoker.invokeTestMethod(TestInvoker.java:173)
	at org.testng.internal.MethodRunner.runInSequence(MethodRunner.java:46)
	at org.testng.internal.TestInvoker$MethodInvocationAgent.invoke(TestInvoker.java:824)
	at org.testng.internal.TestInvoker.invokeTestMethods(TestInvoker.java:146)
	at org.testng.internal.TestMethodWorker.invokeTestMethods(TestMethodWorker.java:146)
	at org.testng.internal.TestMethodWorker.run(TestMethodWorker.java:128)
	at java.base/java.util.ArrayList.forEach(ArrayList.java:1540)
	at org.testng.TestRunner.privateRun(TestRunner.java:794)
	at org.testng.TestRunner.run(TestRunner.java:596)
	at org.testng.SuiteRunner.runTest(SuiteRunner.java:377)
	at org.testng.SuiteRunner.runSequentially(SuiteRunner.java:371)
	at org.testng.SuiteRunner.privateRun(SuiteRunner.java:332)
	at org.testng.SuiteRunner.run(SuiteRunner.java:276)
	at org.testng.SuiteRunnerWorker.runSuite(SuiteRunnerWorker.java:53)
	at org.testng.SuiteRunnerWorker.run(SuiteRunnerWorker.java:96)
	at org.testng.TestNG.runSuitesSequentially(TestNG.java:1212)
	at org.testng.TestNG.runSuitesLocally(TestNG.java:1134)
	at org.testng.TestNG.runSuites(TestNG.java:1063)
	at org.testng.TestNG.run(TestNG.java:1031)
	at org.testng.remote.AbstractRemoteTestNG.run(AbstractRemoteTestNG.java:115)
	at org.testng.remote.RemoteTestNG.initAndRun(RemoteTestNG.java:251)
	at org.testng.remote.RemoteTestNG.main(RemoteTestNG.java:77)
</pre></div></td>
<td>0</td>
<td>testcases.TestToHitApiNcompareXMLs@7b8b43c7</td></tr>
<tr>
<td title='testcases.TestToHitApiNcompareXMLs.hitApiandCompareXML()'><b>hitApiandCompareXML</b><br>Test class: testcases.TestToHitApiNcompareXMLs<br>Test method: TestToHitApiNcompareXMLs<br>Parameters: outputxml11.xml, 80217940.xml, outputxml10, org.testng.TestRunner@16ce702d</td>
<td><div><pre>java.lang.AssertionError: Expected child nodelist length &apos;1&apos; but was &apos;3&apos; - comparing &lt;foo...&gt; at /foo[1] to &lt;employees...&gt; at /employees[1] (DIFFERENT)
	at baseCode.CompareXMLFiles.filterAttributeandComparefiles(CompareXMLFiles.java:87)
	at testcases.TestToHitApiNcompareXMLs.hitApiandCompareXML(TestToHitApiNcompareXMLs.java:33)
	at java.base/java.util.ArrayList.forEach(ArrayList.java:1540)
... Removed 28 stack frames</pre></div><a href='#' onClick='toggleBox("stack-trace317960117", this, "Click to show all stack frames", "Click to hide stack frames")'>Click to show all stack frames</a>
<div class='stack-trace' id='stack-trace317960117'><pre>java.lang.AssertionError: Expected child nodelist length &apos;1&apos; but was &apos;3&apos; - comparing &lt;foo...&gt; at /foo[1] to &lt;employees...&gt; at /employees[1] (DIFFERENT)
	at org.testng.Assert.fail(Assert.java:99)
	at baseCode.CompareXMLFiles.filterAttributeandComparefiles(CompareXMLFiles.java:87)
	at testcases.TestToHitApiNcompareXMLs.hitApiandCompareXML(TestToHitApiNcompareXMLs.java:33)
	at java.base/jdk.internal.reflect.NativeMethodAccessorImpl.invoke0(Native Method)
	at java.base/jdk.internal.reflect.NativeMethodAccessorImpl.invoke(NativeMethodAccessorImpl.java:62)
	at java.base/jdk.internal.reflect.DelegatingMethodAccessorImpl.invoke(DelegatingMethodAccessorImpl.java:43)
	at java.base/java.lang.reflect.Method.invoke(Method.java:566)
	at org.testng.internal.MethodInvocationHelper.invokeMethod(MethodInvocationHelper.java:133)
	at org.testng.internal.TestInvoker.invokeMethod(TestInvoker.java:598)
	at org.testng.internal.TestInvoker.invokeTestMethod(TestInvoker.java:173)
	at org.testng.internal.MethodRunner.runInSequence(MethodRunner.java:46)
	at org.testng.internal.TestInvoker$MethodInvocationAgent.invoke(TestInvoker.java:824)
	at org.testng.internal.TestInvoker.invokeTestMethods(TestInvoker.java:146)
	at org.testng.internal.TestMethodWorker.invokeTestMethods(TestMethodWorker.java:146)
	at org.testng.internal.TestMethodWorker.run(TestMethodWorker.java:128)
	at java.base/java.util.ArrayList.forEach(ArrayList.java:1540)
	at org.testng.TestRunner.privateRun(TestRunner.java:794)
	at org.testng.TestRunner.run(TestRunner.java:596)
	at org.testng.SuiteRunner.runTest(SuiteRunner.java:377)
	at org.testng.SuiteRunner.runSequentially(SuiteRunner.java:371)
	at org.testng.SuiteRunner.privateRun(SuiteRunner.java:332)
	at org.testng.SuiteRunner.run(SuiteRunner.java:276)
	at org.testng.SuiteRunnerWorker.runSuite(SuiteRunnerWorker.java:53)
	at org.testng.SuiteRunnerWorker.run(SuiteRunnerWorker.java:96)
	at org.testng.TestNG.runSuitesSequentially(TestNG.java:1212)
	at org.testng.TestNG.runSuitesLocally(TestNG.java:1134)
	at org.testng.TestNG.runSuites(TestNG.java:1063)
	at org.testng.TestNG.run(TestNG.java:1031)
	at org.testng.remote.AbstractRemoteTestNG.run(AbstractRemoteTestNG.java:115)
	at org.testng.remote.RemoteTestNG.initAndRun(RemoteTestNG.java:251)
	at org.testng.remote.RemoteTestNG.main(RemoteTestNG.java:77)
</pre></div></td>
<td>0</td>
<td>testcases.TestToHitApiNcompareXMLs@7b8b43c7</td></tr>
<tr>
<td title='testcases.TestToHitApiNcompareXMLs.hitApiandCompareXML()'><b>hitApiandCompareXML</b><br>Test class: testcases.TestToHitApiNcompareXMLs<br>Test method: TestToHitApiNcompareXMLs<br>Parameters: i0307.POQEQQ_20220204-145649_000080292574_005056ad3f341eeca1c1b7755c272d0c.xml, dpngsource.xml, outputxml14, org.testng.TestRunner@16ce702d</td>
<td><div><pre>java.lang.AssertionError: Expected child nodelist length &apos;1&apos; but was &apos;3&apos; - comparing &lt;DPNGPricingResponse...&gt; at /DPNGPricingResponse[1] to &lt;employees...&gt; at /employees[1] (DIFFERENT)
	at baseCode.CompareXMLFiles.filterAttributeandComparefiles(CompareXMLFiles.java:87)
	at testcases.TestToHitApiNcompareXMLs.hitApiandCompareXML(TestToHitApiNcompareXMLs.java:33)
	at java.base/java.util.ArrayList.forEach(ArrayList.java:1540)
... Removed 28 stack frames</pre></div><a href='#' onClick='toggleBox("stack-trace291651850", this, "Click to show all stack frames", "Click to hide stack frames")'>Click to show all stack frames</a>
<div class='stack-trace' id='stack-trace291651850'><pre>java.lang.AssertionError: Expected child nodelist length &apos;1&apos; but was &apos;3&apos; - comparing &lt;DPNGPricingResponse...&gt; at /DPNGPricingResponse[1] to &lt;employees...&gt; at /employees[1] (DIFFERENT)
	at org.testng.Assert.fail(Assert.java:99)
	at baseCode.CompareXMLFiles.filterAttributeandComparefiles(CompareXMLFiles.java:87)
	at testcases.TestToHitApiNcompareXMLs.hitApiandCompareXML(TestToHitApiNcompareXMLs.java:33)
	at java.base/jdk.internal.reflect.NativeMethodAccessorImpl.invoke0(Native Method)
	at java.base/jdk.internal.reflect.NativeMethodAccessorImpl.invoke(NativeMethodAccessorImpl.java:62)
	at java.base/jdk.internal.reflect.DelegatingMethodAccessorImpl.invoke(DelegatingMethodAccessorImpl.java:43)
	at java.base/java.lang.reflect.Method.invoke(Method.java:566)
	at org.testng.internal.MethodInvocationHelper.invokeMethod(MethodInvocationHelper.java:133)
	at org.testng.internal.TestInvoker.invokeMethod(TestInvoker.java:598)
	at org.testng.internal.TestInvoker.invokeTestMethod(TestInvoker.java:173)
	at org.testng.internal.MethodRunner.runInSequence(MethodRunner.java:46)
	at org.testng.internal.TestInvoker$MethodInvocationAgent.invoke(TestInvoker.java:824)
	at org.testng.internal.TestInvoker.invokeTestMethods(TestInvoker.java:146)
	at org.testng.internal.TestMethodWorker.invokeTestMethods(TestMethodWorker.java:146)
	at org.testng.internal.TestMethodWorker.run(TestMethodWorker.java:128)
	at java.base/java.util.ArrayList.forEach(ArrayList.java:1540)
	at org.testng.TestRunner.privateRun(TestRunner.java:794)
	at org.testng.TestRunner.run(TestRunner.java:596)
	at org.testng.SuiteRunner.runTest(SuiteRunner.java:377)
	at org.testng.SuiteRunner.runSequentially(SuiteRunner.java:371)
	at org.testng.SuiteRunner.privateRun(SuiteRunner.java:332)
	at org.testng.SuiteRunner.run(SuiteRunner.java:276)
	at org.testng.SuiteRunnerWorker.runSuite(SuiteRunnerWorker.java:53)
	at org.testng.SuiteRunnerWorker.run(SuiteRunnerWorker.java:96)
	at org.testng.TestNG.runSuitesSequentially(TestNG.java:1212)
	at org.testng.TestNG.runSuitesLocally(TestNG.java:1134)
	at org.testng.TestNG.runSuites(TestNG.java:1063)
	at org.testng.TestNG.run(TestNG.java:1031)
	at org.testng.remote.AbstractRemoteTestNG.run(AbstractRemoteTestNG.java:115)
	at org.testng.remote.RemoteTestNG.initAndRun(RemoteTestNG.java:251)
	at org.testng.remote.RemoteTestNG.main(RemoteTestNG.java:77)
</pre></div></td>
<td>2</td>
<td>testcases.TestToHitApiNcompareXMLs@7b8b43c7</td></tr>
<tr>
<td title='testcases.TestToHitApiNcompareXMLs.hitApiandCompareXML()'><b>hitApiandCompareXML</b><br>Test class: testcases.TestToHitApiNcompareXMLs<br>Test method: TestToHitApiNcompareXMLs<br>Parameters: outputxml11.xml, 80217940.xml, outputxml102, org.testng.TestRunner@16ce702d</td>
<td><div><pre>java.lang.AssertionError: Expected child nodelist length &apos;1&apos; but was &apos;3&apos; - comparing &lt;foo...&gt; at /foo[1] to &lt;employees...&gt; at /employees[1] (DIFFERENT)
	at baseCode.CompareXMLFiles.filterAttributeandComparefiles(CompareXMLFiles.java:87)
	at testcases.TestToHitApiNcompareXMLs.hitApiandCompareXML(TestToHitApiNcompareXMLs.java:33)
	at java.base/java.util.ArrayList.forEach(ArrayList.java:1540)
... Removed 27 stack frames</pre></div><a href='#' onClick='toggleBox("stack-trace466319810", this, "Click to show all stack frames", "Click to hide stack frames")'>Click to show all stack frames</a>
<div class='stack-trace' id='stack-trace466319810'><pre>java.lang.AssertionError: Expected child nodelist length &apos;1&apos; but was &apos;3&apos; - comparing &lt;foo...&gt; at /foo[1] to &lt;employees...&gt; at /employees[1] (DIFFERENT)
	at org.testng.Assert.fail(Assert.java:99)
	at baseCode.CompareXMLFiles.filterAttributeandComparefiles(CompareXMLFiles.java:87)
	at testcases.TestToHitApiNcompareXMLs.hitApiandCompareXML(TestToHitApiNcompareXMLs.java:33)
	at jdk.internal.reflect.GeneratedMethodAccessor1.invoke(Unknown Source)
	at java.base/jdk.internal.reflect.DelegatingMethodAccessorImpl.invoke(DelegatingMethodAccessorImpl.java:43)
	at java.base/java.lang.reflect.Method.invoke(Method.java:566)
	at org.testng.internal.MethodInvocationHelper.invokeMethod(MethodInvocationHelper.java:133)
	at org.testng.internal.TestInvoker.invokeMethod(TestInvoker.java:598)
	at org.testng.internal.TestInvoker.invokeTestMethod(TestInvoker.java:173)
	at org.testng.internal.MethodRunner.runInSequence(MethodRunner.java:46)
	at org.testng.internal.TestInvoker$MethodInvocationAgent.invoke(TestInvoker.java:824)
	at org.testng.internal.TestInvoker.invokeTestMethods(TestInvoker.java:146)
	at org.testng.internal.TestMethodWorker.invokeTestMethods(TestMethodWorker.java:146)
	at org.testng.internal.TestMethodWorker.run(TestMethodWorker.java:128)
	at java.base/java.util.ArrayList.forEach(ArrayList.java:1540)
	at org.testng.TestRunner.privateRun(TestRunner.java:794)
	at org.testng.TestRunner.run(TestRunner.java:596)
	at org.testng.SuiteRunner.runTest(SuiteRunner.java:377)
	at org.testng.SuiteRunner.runSequentially(SuiteRunner.java:371)
	at org.testng.SuiteRunner.privateRun(SuiteRunner.java:332)
	at org.testng.SuiteRunner.run(SuiteRunner.java:276)
	at org.testng.SuiteRunnerWorker.runSuite(SuiteRunnerWorker.java:53)
	at org.testng.SuiteRunnerWorker.run(SuiteRunnerWorker.java:96)
	at org.testng.TestNG.runSuitesSequentially(TestNG.java:1212)
	at org.testng.TestNG.runSuitesLocally(TestNG.java:1134)
	at org.testng.TestNG.runSuites(TestNG.java:1063)
	at org.testng.TestNG.run(TestNG.java:1031)
	at org.testng.remote.AbstractRemoteTestNG.run(AbstractRemoteTestNG.java:115)
	at org.testng.remote.RemoteTestNG.initAndRun(RemoteTestNG.java:251)
	at org.testng.remote.RemoteTestNG.main(RemoteTestNG.java:77)
</pre></div></td>
<td>2</td>
<td>testcases.TestToHitApiNcompareXMLs@7b8b43c7</td></tr>
<tr>
<td title='testcases.TestToHitApiNcompareXMLs.hitApiandCompareXML()'><b>hitApiandCompareXML</b><br>Test class: testcases.TestToHitApiNcompareXMLs<br>Test method: TestToHitApiNcompareXMLs<br>Parameters: i0307.POQEQQ_20220204-145715_000080292673_005056ad3f341eeca1c1b97ded3dad0d.xml, 80217940.outtarget.xml, outputxml15, org.testng.TestRunner@16ce702d</td>
<td><div><pre>java.lang.AssertionError: Expected child nodelist length &apos;1&apos; but was &apos;3&apos; - comparing &lt;DPNGPricingResponse...&gt; at /DPNGPricingResponse[1] to &lt;employees...&gt; at /employees[1] (DIFFERENT)
	at baseCode.CompareXMLFiles.filterAttributeandComparefiles(CompareXMLFiles.java:87)
	at testcases.TestToHitApiNcompareXMLs.hitApiandCompareXML(TestToHitApiNcompareXMLs.java:33)
	at java.base/java.util.ArrayList.forEach(ArrayList.java:1540)
... Removed 28 stack frames</pre></div><a href='#' onClick='toggleBox("stack-trace1865617081", this, "Click to show all stack frames", "Click to hide stack frames")'>Click to show all stack frames</a>
<div class='stack-trace' id='stack-trace1865617081'><pre>java.lang.AssertionError: Expected child nodelist length &apos;1&apos; but was &apos;3&apos; - comparing &lt;DPNGPricingResponse...&gt; at /DPNGPricingResponse[1] to &lt;employees...&gt; at /employees[1] (DIFFERENT)
	at org.testng.Assert.fail(Assert.java:99)
	at baseCode.CompareXMLFiles.filterAttributeandComparefiles(CompareXMLFiles.java:87)
	at testcases.TestToHitApiNcompareXMLs.hitApiandCompareXML(TestToHitApiNcompareXMLs.java:33)
	at java.base/jdk.internal.reflect.NativeMethodAccessorImpl.invoke0(Native Method)
	at java.base/jdk.internal.reflect.NativeMethodAccessorImpl.invoke(NativeMethodAccessorImpl.java:62)
	at java.base/jdk.internal.reflect.DelegatingMethodAccessorImpl.invoke(DelegatingMethodAccessorImpl.java:43)
	at java.base/java.lang.reflect.Method.invoke(Method.java:566)
	at org.testng.internal.MethodInvocationHelper.invokeMethod(MethodInvocationHelper.java:133)
	at org.testng.internal.TestInvoker.invokeMethod(TestInvoker.java:598)
	at org.testng.internal.TestInvoker.invokeTestMethod(TestInvoker.java:173)
	at org.testng.internal.MethodRunner.runInSequence(MethodRunner.java:46)
	at org.testng.internal.TestInvoker$MethodInvocationAgent.invoke(TestInvoker.java:824)
	at org.testng.internal.TestInvoker.invokeTestMethods(TestInvoker.java:146)
	at org.testng.internal.TestMethodWorker.invokeTestMethods(TestMethodWorker.java:146)
	at org.testng.internal.TestMethodWorker.run(TestMethodWorker.java:128)
	at java.base/java.util.ArrayList.forEach(ArrayList.java:1540)
	at org.testng.TestRunner.privateRun(TestRunner.java:794)
	at org.testng.TestRunner.run(TestRunner.java:596)
	at org.testng.SuiteRunner.runTest(SuiteRunner.java:377)
	at org.testng.SuiteRunner.runSequentially(SuiteRunner.java:371)
	at org.testng.SuiteRunner.privateRun(SuiteRunner.java:332)
	at org.testng.SuiteRunner.run(SuiteRunner.java:276)
	at org.testng.SuiteRunnerWorker.runSuite(SuiteRunnerWorker.java:53)
	at org.testng.SuiteRunnerWorker.run(SuiteRunnerWorker.java:96)
	at org.testng.TestNG.runSuitesSequentially(TestNG.java:1212)
	at org.testng.TestNG.runSuitesLocally(TestNG.java:1134)
	at org.testng.TestNG.runSuites(TestNG.java:1063)
	at org.testng.TestNG.run(TestNG.java:1031)
	at org.testng.remote.AbstractRemoteTestNG.run(AbstractRemoteTestNG.java:115)
	at org.testng.remote.RemoteTestNG.initAndRun(RemoteTestNG.java:251)
	at org.testng.remote.RemoteTestNG.main(RemoteTestNG.java:77)
</pre></div></td>
<td>2</td>
<td>testcases.TestToHitApiNcompareXMLs@7b8b43c7</td></tr>
<tr>
<td title='testcases.TestToHitApiNcompareXMLs.hitApiandCompareXML()'><b>hitApiandCompareXML</b><br>Test class: testcases.TestToHitApiNcompareXMLs<br>Test method: TestToHitApiNcompareXMLs<br>Parameters: i0307.POQEQQ_20220204-145849_000080499950_005056ad3f341eeca1c1c07e20b66d0d.xml, 80217940.outtarget.xml, outputxml189, org.testng.TestRunner@16ce702d</td>
<td><div><pre>java.lang.AssertionError: Expected child nodelist length &apos;1&apos; but was &apos;3&apos; - comparing &lt;DPNGPricingResponse...&gt; at /DPNGPricingResponse[1] to &lt;employees...&gt; at /employees[1] (DIFFERENT)
	at baseCode.CompareXMLFiles.filterAttributeandComparefiles(CompareXMLFiles.java:87)
	at testcases.TestToHitApiNcompareXMLs.hitApiandCompareXML(TestToHitApiNcompareXMLs.java:33)
	at java.base/java.util.ArrayList.forEach(ArrayList.java:1540)
... Removed 27 stack frames</pre></div><a href='#' onClick='toggleBox("stack-trace967460257", this, "Click to show all stack frames", "Click to hide stack frames")'>Click to show all stack frames</a>
<div class='stack-trace' id='stack-trace967460257'><pre>java.lang.AssertionError: Expected child nodelist length &apos;1&apos; but was &apos;3&apos; - comparing &lt;DPNGPricingResponse...&gt; at /DPNGPricingResponse[1] to &lt;employees...&gt; at /employees[1] (DIFFERENT)
	at org.testng.Assert.fail(Assert.java:99)
	at baseCode.CompareXMLFiles.filterAttributeandComparefiles(CompareXMLFiles.java:87)
	at testcases.TestToHitApiNcompareXMLs.hitApiandCompareXML(TestToHitApiNcompareXMLs.java:33)
	at jdk.internal.reflect.GeneratedMethodAccessor1.invoke(Unknown Source)
	at java.base/jdk.internal.reflect.DelegatingMethodAccessorImpl.invoke(DelegatingMethodAccessorImpl.java:43)
	at java.base/java.lang.reflect.Method.invoke(Method.java:566)
	at org.testng.internal.MethodInvocationHelper.invokeMethod(MethodInvocationHelper.java:133)
	at org.testng.internal.TestInvoker.invokeMethod(TestInvoker.java:598)
	at org.testng.internal.TestInvoker.invokeTestMethod(TestInvoker.java:173)
	at org.testng.internal.MethodRunner.runInSequence(MethodRunner.java:46)
	at org.testng.internal.TestInvoker$MethodInvocationAgent.invoke(TestInvoker.java:824)
	at org.testng.internal.TestInvoker.invokeTestMethods(TestInvoker.java:146)
	at org.testng.internal.TestMethodWorker.invokeTestMethods(TestMethodWorker.java:146)
	at org.testng.internal.TestMethodWorker.run(TestMethodWorker.java:128)
	at java.base/java.util.ArrayList.forEach(ArrayList.java:1540)
	at org.testng.TestRunner.privateRun(TestRunner.java:794)
	at org.testng.TestRunner.run(TestRunner.java:596)
	at org.testng.SuiteRunner.runTest(SuiteRunner.java:377)
	at org.testng.SuiteRunner.runSequentially(SuiteRunner.java:371)
	at org.testng.SuiteRunner.privateRun(SuiteRunner.java:332)
	at org.testng.SuiteRunner.run(SuiteRunner.java:276)
	at org.testng.SuiteRunnerWorker.runSuite(SuiteRunnerWorker.java:53)
	at org.testng.SuiteRunnerWorker.run(SuiteRunnerWorker.java:96)
	at org.testng.TestNG.runSuitesSequentially(TestNG.java:1212)
	at org.testng.TestNG.runSuitesLocally(TestNG.java:1134)
	at org.testng.TestNG.runSuites(TestNG.java:1063)
	at org.testng.TestNG.run(TestNG.java:1031)
	at org.testng.remote.AbstractRemoteTestNG.run(AbstractRemoteTestNG.java:115)
	at org.testng.remote.RemoteTestNG.initAndRun(RemoteTestNG.java:251)
	at org.testng.remote.RemoteTestNG.main(RemoteTestNG.java:77)
</pre></div></td>
<td>1</td>
<td>testcases.TestToHitApiNcompareXMLs@7b8b43c7</td></tr>
<tr>
<td title='testcases.TestToHitApiNcompareXMLs.hitApiandCompareXML()'><b>hitApiandCompareXML</b><br>Test class: testcases.TestToHitApiNcompareXMLs<br>Test method: TestToHitApiNcompareXMLs<br>Parameters: i0307.POQEQQ_20220204-145849_000080499950_005056ad3f341eeca1c1c07e20b66d0d.xml, 80217940.outtarget.xml, outputxml5, org.testng.TestRunner@16ce702d</td>
<td><div><pre>java.lang.AssertionError: Expected child nodelist length &apos;1&apos; but was &apos;3&apos; - comparing &lt;DPNGPricingResponse...&gt; at /DPNGPricingResponse[1] to &lt;employees...&gt; at /employees[1] (DIFFERENT)
	at baseCode.CompareXMLFiles.filterAttributeandComparefiles(CompareXMLFiles.java:87)
	at testcases.TestToHitApiNcompareXMLs.hitApiandCompareXML(TestToHitApiNcompareXMLs.java:33)
	at java.base/java.util.ArrayList.forEach(ArrayList.java:1540)
... Removed 28 stack frames</pre></div><a href='#' onClick='toggleBox("stack-trace1726616678", this, "Click to show all stack frames", "Click to hide stack frames")'>Click to show all stack frames</a>
<div class='stack-trace' id='stack-trace1726616678'><pre>java.lang.AssertionError: Expected child nodelist length &apos;1&apos; but was &apos;3&apos; - comparing &lt;DPNGPricingResponse...&gt; at /DPNGPricingResponse[1] to &lt;employees...&gt; at /employees[1] (DIFFERENT)
	at org.testng.Assert.fail(Assert.java:99)
	at baseCode.CompareXMLFiles.filterAttributeandComparefiles(CompareXMLFiles.java:87)
	at testcases.TestToHitApiNcompareXMLs.hitApiandCompareXML(TestToHitApiNcompareXMLs.java:33)
	at java.base/jdk.internal.reflect.NativeMethodAccessorImpl.invoke0(Native Method)
	at java.base/jdk.internal.reflect.NativeMethodAccessorImpl.invoke(NativeMethodAccessorImpl.java:62)
	at java.base/jdk.internal.reflect.DelegatingMethodAccessorImpl.invoke(DelegatingMethodAccessorImpl.java:43)
	at java.base/java.lang.reflect.Method.invoke(Method.java:566)
	at org.testng.internal.MethodInvocationHelper.invokeMethod(MethodInvocationHelper.java:133)
	at org.testng.internal.TestInvoker.invokeMethod(TestInvoker.java:598)
	at org.testng.internal.TestInvoker.invokeTestMethod(TestInvoker.java:173)
	at org.testng.internal.MethodRunner.runInSequence(MethodRunner.java:46)
	at org.testng.internal.TestInvoker$MethodInvocationAgent.invoke(TestInvoker.java:824)
	at org.testng.internal.TestInvoker.invokeTestMethods(TestInvoker.java:146)
	at org.testng.internal.TestMethodWorker.invokeTestMethods(TestMethodWorker.java:146)
	at org.testng.internal.TestMethodWorker.run(TestMethodWorker.java:128)
	at java.base/java.util.ArrayList.forEach(ArrayList.java:1540)
	at org.testng.TestRunner.privateRun(TestRunner.java:794)
	at org.testng.TestRunner.run(TestRunner.java:596)
	at org.testng.SuiteRunner.runTest(SuiteRunner.java:377)
	at org.testng.SuiteRunner.runSequentially(SuiteRunner.java:371)
	at org.testng.SuiteRunner.privateRun(SuiteRunner.java:332)
	at org.testng.SuiteRunner.run(SuiteRunner.java:276)
	at org.testng.SuiteRunnerWorker.runSuite(SuiteRunnerWorker.java:53)
	at org.testng.SuiteRunnerWorker.run(SuiteRunnerWorker.java:96)
	at org.testng.TestNG.runSuitesSequentially(TestNG.java:1212)
	at org.testng.TestNG.runSuitesLocally(TestNG.java:1134)
	at org.testng.TestNG.runSuites(TestNG.java:1063)
	at org.testng.TestNG.run(TestNG.java:1031)
	at org.testng.remote.AbstractRemoteTestNG.run(AbstractRemoteTestNG.java:115)
	at org.testng.remote.RemoteTestNG.initAndRun(RemoteTestNG.java:251)
	at org.testng.remote.RemoteTestNG.main(RemoteTestNG.java:77)
</pre></div></td>
<td>1</td>
<td>testcases.TestToHitApiNcompareXMLs@7b8b43c7</td></tr>
<tr>
<td title='testcases.TestToHitApiNcompareXMLs.hitApiandCompareXML()'><b>hitApiandCompareXML</b><br>Test class: testcases.TestToHitApiNcompareXMLs<br>Test method: TestToHitApiNcompareXMLs<br>Parameters: i0307.POQEQQ_20220204-145823_000080511810_005056ad3f341eeca1c1be7ed1f4ed0d.xml, 80217940.xml, outputxml4, org.testng.TestRunner@16ce702d</td>
<td><div><pre>java.lang.AssertionError: Expected child nodelist length &apos;1&apos; but was &apos;3&apos; - comparing &lt;DPNGPricingResponse...&gt; at /DPNGPricingResponse[1] to &lt;employees...&gt; at /employees[1] (DIFFERENT)
	at baseCode.CompareXMLFiles.filterAttributeandComparefiles(CompareXMLFiles.java:87)
	at testcases.TestToHitApiNcompareXMLs.hitApiandCompareXML(TestToHitApiNcompareXMLs.java:33)
	at java.base/java.util.ArrayList.forEach(ArrayList.java:1540)
... Removed 28 stack frames</pre></div><a href='#' onClick='toggleBox("stack-trace1264941544", this, "Click to show all stack frames", "Click to hide stack frames")'>Click to show all stack frames</a>
<div class='stack-trace' id='stack-trace1264941544'><pre>java.lang.AssertionError: Expected child nodelist length &apos;1&apos; but was &apos;3&apos; - comparing &lt;DPNGPricingResponse...&gt; at /DPNGPricingResponse[1] to &lt;employees...&gt; at /employees[1] (DIFFERENT)
	at org.testng.Assert.fail(Assert.java:99)
	at baseCode.CompareXMLFiles.filterAttributeandComparefiles(CompareXMLFiles.java:87)
	at testcases.TestToHitApiNcompareXMLs.hitApiandCompareXML(TestToHitApiNcompareXMLs.java:33)
	at java.base/jdk.internal.reflect.NativeMethodAccessorImpl.invoke0(Native Method)
	at java.base/jdk.internal.reflect.NativeMethodAccessorImpl.invoke(NativeMethodAccessorImpl.java:62)
	at java.base/jdk.internal.reflect.DelegatingMethodAccessorImpl.invoke(DelegatingMethodAccessorImpl.java:43)
	at java.base/java.lang.reflect.Method.invoke(Method.java:566)
	at org.testng.internal.MethodInvocationHelper.invokeMethod(MethodInvocationHelper.java:133)
	at org.testng.internal.TestInvoker.invokeMethod(TestInvoker.java:598)
	at org.testng.internal.TestInvoker.invokeTestMethod(TestInvoker.java:173)
	at org.testng.internal.MethodRunner.runInSequence(MethodRunner.java:46)
	at org.testng.internal.TestInvoker$MethodInvocationAgent.invoke(TestInvoker.java:824)
	at org.testng.internal.TestInvoker.invokeTestMethods(TestInvoker.java:146)
	at org.testng.internal.TestMethodWorker.invokeTestMethods(TestMethodWorker.java:146)
	at org.testng.internal.TestMethodWorker.run(TestMethodWorker.java:128)
	at java.base/java.util.ArrayList.forEach(ArrayList.java:1540)
	at org.testng.TestRunner.privateRun(TestRunner.java:794)
	at org.testng.TestRunner.run(TestRunner.java:596)
	at org.testng.SuiteRunner.runTest(SuiteRunner.java:377)
	at org.testng.SuiteRunner.runSequentially(SuiteRunner.java:371)
	at org.testng.SuiteRunner.privateRun(SuiteRunner.java:332)
	at org.testng.SuiteRunner.run(SuiteRunner.java:276)
	at org.testng.SuiteRunnerWorker.runSuite(SuiteRunnerWorker.java:53)
	at org.testng.SuiteRunnerWorker.run(SuiteRunnerWorker.java:96)
	at org.testng.TestNG.runSuitesSequentially(TestNG.java:1212)
	at org.testng.TestNG.runSuitesLocally(TestNG.java:1134)
	at org.testng.TestNG.runSuites(TestNG.java:1063)
	at org.testng.TestNG.run(TestNG.java:1031)
	at org.testng.remote.AbstractRemoteTestNG.run(AbstractRemoteTestNG.java:115)
	at org.testng.remote.RemoteTestNG.initAndRun(RemoteTestNG.java:251)
	at org.testng.remote.RemoteTestNG.main(RemoteTestNG.java:77)
</pre></div></td>
<td>0</td>
<td>testcases.TestToHitApiNcompareXMLs@7b8b43c7</td></tr>
<tr>
<td title='testcases.TestToHitApiNcompareXMLs.hitApiandCompareXML()'><b>hitApiandCompareXML</b><br>Test class: testcases.TestToHitApiNcompareXMLs<br>Test method: TestToHitApiNcompareXMLs<br>Parameters: i0307.POQEQQ_20220204-150236_000080468060_005056ad3f341eeca1c1d15f73892d0d.xml, 80217940.outtarget.xml, outputxml8, org.testng.TestRunner@16ce702d</td>
<td><div><pre>java.lang.AssertionError: Expected child nodelist length &apos;1&apos; but was &apos;3&apos; - comparing &lt;DPNGPricingResponse...&gt; at /DPNGPricingResponse[1] to &lt;employees...&gt; at /employees[1] (DIFFERENT)
	at baseCode.CompareXMLFiles.filterAttributeandComparefiles(CompareXMLFiles.java:87)
	at testcases.TestToHitApiNcompareXMLs.hitApiandCompareXML(TestToHitApiNcompareXMLs.java:33)
	at java.base/java.util.ArrayList.forEach(ArrayList.java:1540)
... Removed 28 stack frames</pre></div><a href='#' onClick='toggleBox("stack-trace1540832538", this, "Click to show all stack frames", "Click to hide stack frames")'>Click to show all stack frames</a>
<div class='stack-trace' id='stack-trace1540832538'><pre>java.lang.AssertionError: Expected child nodelist length &apos;1&apos; but was &apos;3&apos; - comparing &lt;DPNGPricingResponse...&gt; at /DPNGPricingResponse[1] to &lt;employees...&gt; at /employees[1] (DIFFERENT)
	at org.testng.Assert.fail(Assert.java:99)
	at baseCode.CompareXMLFiles.filterAttributeandComparefiles(CompareXMLFiles.java:87)
	at testcases.TestToHitApiNcompareXMLs.hitApiandCompareXML(TestToHitApiNcompareXMLs.java:33)
	at java.base/jdk.internal.reflect.NativeMethodAccessorImpl.invoke0(Native Method)
	at java.base/jdk.internal.reflect.NativeMethodAccessorImpl.invoke(NativeMethodAccessorImpl.java:62)
	at java.base/jdk.internal.reflect.DelegatingMethodAccessorImpl.invoke(DelegatingMethodAccessorImpl.java:43)
	at java.base/java.lang.reflect.Method.invoke(Method.java:566)
	at org.testng.internal.MethodInvocationHelper.invokeMethod(MethodInvocationHelper.java:133)
	at org.testng.internal.TestInvoker.invokeMethod(TestInvoker.java:598)
	at org.testng.internal.TestInvoker.invokeTestMethod(TestInvoker.java:173)
	at org.testng.internal.MethodRunner.runInSequence(MethodRunner.java:46)
	at org.testng.internal.TestInvoker$MethodInvocationAgent.invoke(TestInvoker.java:824)
	at org.testng.internal.TestInvoker.invokeTestMethods(TestInvoker.java:146)
	at org.testng.internal.TestMethodWorker.invokeTestMethods(TestMethodWorker.java:146)
	at org.testng.internal.TestMethodWorker.run(TestMethodWorker.java:128)
	at java.base/java.util.ArrayList.forEach(ArrayList.java:1540)
	at org.testng.TestRunner.privateRun(TestRunner.java:794)
	at org.testng.TestRunner.run(TestRunner.java:596)
	at org.testng.SuiteRunner.runTest(SuiteRunner.java:377)
	at org.testng.SuiteRunner.runSequentially(SuiteRunner.java:371)
	at org.testng.SuiteRunner.privateRun(SuiteRunner.java:332)
	at org.testng.SuiteRunner.run(SuiteRunner.java:276)
	at org.testng.SuiteRunnerWorker.runSuite(SuiteRunnerWorker.java:53)
	at org.testng.SuiteRunnerWorker.run(SuiteRunnerWorker.java:96)
	at org.testng.TestNG.runSuitesSequentially(TestNG.java:1212)
	at org.testng.TestNG.runSuitesLocally(TestNG.java:1134)
	at org.testng.TestNG.runSuites(TestNG.java:1063)
	at org.testng.TestNG.run(TestNG.java:1031)
	at org.testng.remote.AbstractRemoteTestNG.run(AbstractRemoteTestNG.java:115)
	at org.testng.remote.RemoteTestNG.initAndRun(RemoteTestNG.java:251)
	at org.testng.remote.RemoteTestNG.main(RemoteTestNG.java:77)
</pre></div></td>
<td>1</td>
<td>testcases.TestToHitApiNcompareXMLs@7b8b43c7</td></tr>
<tr>
<td title='testcases.TestToHitApiNcompareXMLs.hitApiandCompareXML()'><b>hitApiandCompareXML</b><br>Test class: testcases.TestToHitApiNcompareXMLs<br>Test method: TestToHitApiNcompareXMLs<br>Parameters: i0307.POQEQQ_20220204-150402_000080297551_005056ad3f341eeca1c1d7c1484ead0d.xml, dpngsource1.xml, outputxml9, org.testng.TestRunner@16ce702d</td>
<td><div><pre>java.lang.AssertionError: Expected child nodelist length &apos;1&apos; but was &apos;3&apos; - comparing &lt;DPNGPricingResponse...&gt; at /DPNGPricingResponse[1] to &lt;employees...&gt; at /employees[1] (DIFFERENT)
	at baseCode.CompareXMLFiles.filterAttributeandComparefiles(CompareXMLFiles.java:87)
	at testcases.TestToHitApiNcompareXMLs.hitApiandCompareXML(TestToHitApiNcompareXMLs.java:33)
	at java.base/java.util.ArrayList.forEach(ArrayList.java:1540)
... Removed 28 stack frames</pre></div><a href='#' onClick='toggleBox("stack-trace535352603", this, "Click to show all stack frames", "Click to hide stack frames")'>Click to show all stack frames</a>
<div class='stack-trace' id='stack-trace535352603'><pre>java.lang.AssertionError: Expected child nodelist length &apos;1&apos; but was &apos;3&apos; - comparing &lt;DPNGPricingResponse...&gt; at /DPNGPricingResponse[1] to &lt;employees...&gt; at /employees[1] (DIFFERENT)
	at org.testng.Assert.fail(Assert.java:99)
	at baseCode.CompareXMLFiles.filterAttributeandComparefiles(CompareXMLFiles.java:87)
	at testcases.TestToHitApiNcompareXMLs.hitApiandCompareXML(TestToHitApiNcompareXMLs.java:33)
	at java.base/jdk.internal.reflect.NativeMethodAccessorImpl.invoke0(Native Method)
	at java.base/jdk.internal.reflect.NativeMethodAccessorImpl.invoke(NativeMethodAccessorImpl.java:62)
	at java.base/jdk.internal.reflect.DelegatingMethodAccessorImpl.invoke(DelegatingMethodAccessorImpl.java:43)
	at java.base/java.lang.reflect.Method.invoke(Method.java:566)
	at org.testng.internal.MethodInvocationHelper.invokeMethod(MethodInvocationHelper.java:133)
	at org.testng.internal.TestInvoker.invokeMethod(TestInvoker.java:598)
	at org.testng.internal.TestInvoker.invokeTestMethod(TestInvoker.java:173)
	at org.testng.internal.MethodRunner.runInSequence(MethodRunner.java:46)
	at org.testng.internal.TestInvoker$MethodInvocationAgent.invoke(TestInvoker.java:824)
	at org.testng.internal.TestInvoker.invokeTestMethods(TestInvoker.java:146)
	at org.testng.internal.TestMethodWorker.invokeTestMethods(TestMethodWorker.java:146)
	at org.testng.internal.TestMethodWorker.run(TestMethodWorker.java:128)
	at java.base/java.util.ArrayList.forEach(ArrayList.java:1540)
	at org.testng.TestRunner.privateRun(TestRunner.java:794)
	at org.testng.TestRunner.run(TestRunner.java:596)
	at org.testng.SuiteRunner.runTest(SuiteRunner.java:377)
	at org.testng.SuiteRunner.runSequentially(SuiteRunner.java:371)
	at org.testng.SuiteRunner.privateRun(SuiteRunner.java:332)
	at org.testng.SuiteRunner.run(SuiteRunner.java:276)
	at org.testng.SuiteRunnerWorker.runSuite(SuiteRunnerWorker.java:53)
	at org.testng.SuiteRunnerWorker.run(SuiteRunnerWorker.java:96)
	at org.testng.TestNG.runSuitesSequentially(TestNG.java:1212)
	at org.testng.TestNG.runSuitesLocally(TestNG.java:1134)
	at org.testng.TestNG.runSuites(TestNG.java:1063)
	at org.testng.TestNG.run(TestNG.java:1031)
	at org.testng.remote.AbstractRemoteTestNG.run(AbstractRemoteTestNG.java:115)
	at org.testng.remote.RemoteTestNG.initAndRun(RemoteTestNG.java:251)
	at org.testng.remote.RemoteTestNG.main(RemoteTestNG.java:77)
</pre></div></td>
<td>2</td>
<td>testcases.TestToHitApiNcompareXMLs@7b8b43c7</td></tr>
<tr>
<td title='testcases.TestToHitApiNcompareXMLs.hitApiandCompareXML()'><b>hitApiandCompareXML</b><br>Test class: testcases.TestToHitApiNcompareXMLs<br>Test method: TestToHitApiNcompareXMLs<br>Parameters: i0307.POQEQQ_20220204-150402_000080297551_005056ad3f341eeca1c1d7c1484ead0d.xml, dpngsource1.xml, outputxml93, org.testng.TestRunner@16ce702d</td>
<td><div><pre>java.lang.AssertionError: Expected child nodelist length &apos;1&apos; but was &apos;3&apos; - comparing &lt;DPNGPricingResponse...&gt; at /DPNGPricingResponse[1] to &lt;employees...&gt; at /employees[1] (DIFFERENT)
	at baseCode.CompareXMLFiles.filterAttributeandComparefiles(CompareXMLFiles.java:87)
	at testcases.TestToHitApiNcompareXMLs.hitApiandCompareXML(TestToHitApiNcompareXMLs.java:33)
	at java.base/java.util.ArrayList.forEach(ArrayList.java:1540)
... Removed 27 stack frames</pre></div><a href='#' onClick='toggleBox("stack-trace2037806977", this, "Click to show all stack frames", "Click to hide stack frames")'>Click to show all stack frames</a>
<div class='stack-trace' id='stack-trace2037806977'><pre>java.lang.AssertionError: Expected child nodelist length &apos;1&apos; but was &apos;3&apos; - comparing &lt;DPNGPricingResponse...&gt; at /DPNGPricingResponse[1] to &lt;employees...&gt; at /employees[1] (DIFFERENT)
	at org.testng.Assert.fail(Assert.java:99)
	at baseCode.CompareXMLFiles.filterAttributeandComparefiles(CompareXMLFiles.java:87)
	at testcases.TestToHitApiNcompareXMLs.hitApiandCompareXML(TestToHitApiNcompareXMLs.java:33)
	at jdk.internal.reflect.GeneratedMethodAccessor1.invoke(Unknown Source)
	at java.base/jdk.internal.reflect.DelegatingMethodAccessorImpl.invoke(DelegatingMethodAccessorImpl.java:43)
	at java.base/java.lang.reflect.Method.invoke(Method.java:566)
	at org.testng.internal.MethodInvocationHelper.invokeMethod(MethodInvocationHelper.java:133)
	at org.testng.internal.TestInvoker.invokeMethod(TestInvoker.java:598)
	at org.testng.internal.TestInvoker.invokeTestMethod(TestInvoker.java:173)
	at org.testng.internal.MethodRunner.runInSequence(MethodRunner.java:46)
	at org.testng.internal.TestInvoker$MethodInvocationAgent.invoke(TestInvoker.java:824)
	at org.testng.internal.TestInvoker.invokeTestMethods(TestInvoker.java:146)
	at org.testng.internal.TestMethodWorker.invokeTestMethods(TestMethodWorker.java:146)
	at org.testng.internal.TestMethodWorker.run(TestMethodWorker.java:128)
	at java.base/java.util.ArrayList.forEach(ArrayList.java:1540)
	at org.testng.TestRunner.privateRun(TestRunner.java:794)
	at org.testng.TestRunner.run(TestRunner.java:596)
	at org.testng.SuiteRunner.runTest(SuiteRunner.java:377)
	at org.testng.SuiteRunner.runSequentially(SuiteRunner.java:371)
	at org.testng.SuiteRunner.privateRun(SuiteRunner.java:332)
	at org.testng.SuiteRunner.run(SuiteRunner.java:276)
	at org.testng.SuiteRunnerWorker.runSuite(SuiteRunnerWorker.java:53)
	at org.testng.SuiteRunnerWorker.run(SuiteRunnerWorker.java:96)
	at org.testng.TestNG.runSuitesSequentially(TestNG.java:1212)
	at org.testng.TestNG.runSuitesLocally(TestNG.java:1134)
	at org.testng.TestNG.runSuites(TestNG.java:1063)
	at org.testng.TestNG.run(TestNG.java:1031)
	at org.testng.remote.AbstractRemoteTestNG.run(AbstractRemoteTestNG.java:115)
	at org.testng.remote.RemoteTestNG.initAndRun(RemoteTestNG.java:251)
	at org.testng.remote.RemoteTestNG.main(RemoteTestNG.java:77)
</pre></div></td>
<td>2</td>
<td>testcases.TestToHitApiNcompareXMLs@7b8b43c7</td></tr>
<tr>
<td title='testcases.TestToHitApiNcompareXMLs.hitApiandCompareXML()'><b>hitApiandCompareXML</b><br>Test class: testcases.TestToHitApiNcompareXMLs<br>Test method: TestToHitApiNcompareXMLs<br>Parameters: i0307.POQEQQ_20220204-160458_000080441134_005056ad3f341eeca1c2e81ca8ed6d14.xml, 80217940.outtarget.xml, outputxml112, org.testng.TestRunner@16ce702d</td>
<td><div><pre>java.lang.AssertionError: Expected child nodelist length &apos;1&apos; but was &apos;3&apos; - comparing &lt;DPNGPricingResponse...&gt; at /DPNGPricingResponse[1] to &lt;employees...&gt; at /employees[1] (DIFFERENT)
	at baseCode.CompareXMLFiles.filterAttributeandComparefiles(CompareXMLFiles.java:87)
	at testcases.TestToHitApiNcompareXMLs.hitApiandCompareXML(TestToHitApiNcompareXMLs.java:33)
	at java.base/java.util.ArrayList.forEach(ArrayList.java:1540)
... Removed 28 stack frames</pre></div><a href='#' onClick='toggleBox("stack-trace1608103523", this, "Click to show all stack frames", "Click to hide stack frames")'>Click to show all stack frames</a>
<div class='stack-trace' id='stack-trace1608103523'><pre>java.lang.AssertionError: Expected child nodelist length &apos;1&apos; but was &apos;3&apos; - comparing &lt;DPNGPricingResponse...&gt; at /DPNGPricingResponse[1] to &lt;employees...&gt; at /employees[1] (DIFFERENT)
	at org.testng.Assert.fail(Assert.java:99)
	at baseCode.CompareXMLFiles.filterAttributeandComparefiles(CompareXMLFiles.java:87)
	at testcases.TestToHitApiNcompareXMLs.hitApiandCompareXML(TestToHitApiNcompareXMLs.java:33)
	at java.base/jdk.internal.reflect.NativeMethodAccessorImpl.invoke0(Native Method)
	at java.base/jdk.internal.reflect.NativeMethodAccessorImpl.invoke(NativeMethodAccessorImpl.java:62)
	at java.base/jdk.internal.reflect.DelegatingMethodAccessorImpl.invoke(DelegatingMethodAccessorImpl.java:43)
	at java.base/java.lang.reflect.Method.invoke(Method.java:566)
	at org.testng.internal.MethodInvocationHelper.invokeMethod(MethodInvocationHelper.java:133)
	at org.testng.internal.TestInvoker.invokeMethod(TestInvoker.java:598)
	at org.testng.internal.TestInvoker.invokeTestMethod(TestInvoker.java:173)
	at org.testng.internal.MethodRunner.runInSequence(MethodRunner.java:46)
	at org.testng.internal.TestInvoker$MethodInvocationAgent.invoke(TestInvoker.java:824)
	at org.testng.internal.TestInvoker.invokeTestMethods(TestInvoker.java:146)
	at org.testng.internal.TestMethodWorker.invokeTestMethods(TestMethodWorker.java:146)
	at org.testng.internal.TestMethodWorker.run(TestMethodWorker.java:128)
	at java.base/java.util.ArrayList.forEach(ArrayList.java:1540)
	at org.testng.TestRunner.privateRun(TestRunner.java:794)
	at org.testng.TestRunner.run(TestRunner.java:596)
	at org.testng.SuiteRunner.runTest(SuiteRunner.java:377)
	at org.testng.SuiteRunner.runSequentially(SuiteRunner.java:371)
	at org.testng.SuiteRunner.privateRun(SuiteRunner.java:332)
	at org.testng.SuiteRunner.run(SuiteRunner.java:276)
	at org.testng.SuiteRunnerWorker.runSuite(SuiteRunnerWorker.java:53)
	at org.testng.SuiteRunnerWorker.run(SuiteRunnerWorker.java:96)
	at org.testng.TestNG.runSuitesSequentially(TestNG.java:1212)
	at org.testng.TestNG.runSuitesLocally(TestNG.java:1134)
	at org.testng.TestNG.runSuites(TestNG.java:1063)
	at org.testng.TestNG.run(TestNG.java:1031)
	at org.testng.remote.AbstractRemoteTestNG.run(AbstractRemoteTestNG.java:115)
	at org.testng.remote.RemoteTestNG.initAndRun(RemoteTestNG.java:251)
	at org.testng.remote.RemoteTestNG.main(RemoteTestNG.java:77)
</pre></div></td>
<td>2</td>
<td>testcases.TestToHitApiNcompareXMLs@7b8b43c7</td></tr>
<tr>
<td title='testcases.TestToHitApiNcompareXMLs.hitApiandCompareXML()'><b>hitApiandCompareXML</b><br>Test class: testcases.TestToHitApiNcompareXMLs<br>Test method: TestToHitApiNcompareXMLs<br>Parameters: i0307.POQEQQ_20220204-150112_000080489197_005056ad3f341eeca1c1cb21ffaa2d0d.xml, 80217940.xml, outputxml6, org.testng.TestRunner@16ce702d</td>
<td><div><pre>java.lang.AssertionError: Expected child nodelist length &apos;1&apos; but was &apos;3&apos; - comparing &lt;DPNGPricingResponse...&gt; at /DPNGPricingResponse[1] to &lt;employees...&gt; at /employees[1] (DIFFERENT)
	at baseCode.CompareXMLFiles.filterAttributeandComparefiles(CompareXMLFiles.java:87)
	at testcases.TestToHitApiNcompareXMLs.hitApiandCompareXML(TestToHitApiNcompareXMLs.java:33)
	at java.base/java.util.ArrayList.forEach(ArrayList.java:1540)
... Removed 28 stack frames</pre></div><a href='#' onClick='toggleBox("stack-trace2113243119", this, "Click to show all stack frames", "Click to hide stack frames")'>Click to show all stack frames</a>
<div class='stack-trace' id='stack-trace2113243119'><pre>java.lang.AssertionError: Expected child nodelist length &apos;1&apos; but was &apos;3&apos; - comparing &lt;DPNGPricingResponse...&gt; at /DPNGPricingResponse[1] to &lt;employees...&gt; at /employees[1] (DIFFERENT)
	at org.testng.Assert.fail(Assert.java:99)
	at baseCode.CompareXMLFiles.filterAttributeandComparefiles(CompareXMLFiles.java:87)
	at testcases.TestToHitApiNcompareXMLs.hitApiandCompareXML(TestToHitApiNcompareXMLs.java:33)
	at java.base/jdk.internal.reflect.NativeMethodAccessorImpl.invoke0(Native Method)
	at java.base/jdk.internal.reflect.NativeMethodAccessorImpl.invoke(NativeMethodAccessorImpl.java:62)
	at java.base/jdk.internal.reflect.DelegatingMethodAccessorImpl.invoke(DelegatingMethodAccessorImpl.java:43)
	at java.base/java.lang.reflect.Method.invoke(Method.java:566)
	at org.testng.internal.MethodInvocationHelper.invokeMethod(MethodInvocationHelper.java:133)
	at org.testng.internal.TestInvoker.invokeMethod(TestInvoker.java:598)
	at org.testng.internal.TestInvoker.invokeTestMethod(TestInvoker.java:173)
	at org.testng.internal.MethodRunner.runInSequence(MethodRunner.java:46)
	at org.testng.internal.TestInvoker$MethodInvocationAgent.invoke(TestInvoker.java:824)
	at org.testng.internal.TestInvoker.invokeTestMethods(TestInvoker.java:146)
	at org.testng.internal.TestMethodWorker.invokeTestMethods(TestMethodWorker.java:146)
	at org.testng.internal.TestMethodWorker.run(TestMethodWorker.java:128)
	at java.base/java.util.ArrayList.forEach(ArrayList.java:1540)
	at org.testng.TestRunner.privateRun(TestRunner.java:794)
	at org.testng.TestRunner.run(TestRunner.java:596)
	at org.testng.SuiteRunner.runTest(SuiteRunner.java:377)
	at org.testng.SuiteRunner.runSequentially(SuiteRunner.java:371)
	at org.testng.SuiteRunner.privateRun(SuiteRunner.java:332)
	at org.testng.SuiteRunner.run(SuiteRunner.java:276)
	at org.testng.SuiteRunnerWorker.runSuite(SuiteRunnerWorker.java:53)
	at org.testng.SuiteRunnerWorker.run(SuiteRunnerWorker.java:96)
	at org.testng.TestNG.runSuitesSequentially(TestNG.java:1212)
	at org.testng.TestNG.runSuitesLocally(TestNG.java:1134)
	at org.testng.TestNG.runSuites(TestNG.java:1063)
	at org.testng.TestNG.run(TestNG.java:1031)
	at org.testng.remote.AbstractRemoteTestNG.run(AbstractRemoteTestNG.java:115)
	at org.testng.remote.RemoteTestNG.initAndRun(RemoteTestNG.java:251)
	at org.testng.remote.RemoteTestNG.main(RemoteTestNG.java:77)
</pre></div></td>
<td>0</td>
<td>testcases.TestToHitApiNcompareXMLs@7b8b43c7</td></tr>
<tr>
<td title='testcases.TestToHitApiNcompareXMLs.hitApiandCompareXML()'><b>hitApiandCompareXML</b><br>Test class: testcases.TestToHitApiNcompareXMLs<br>Test method: TestToHitApiNcompareXMLs<br>Parameters: i0307.POQEQQ_20220204-145747_000080473299_005056ad3f341eeca1c1bbd5b1d26d0d.xml, 80217940.xml, outputxml3, org.testng.TestRunner@16ce702d</td>
<td><div><pre>java.lang.AssertionError: Expected child nodelist length &apos;1&apos; but was &apos;3&apos; - comparing &lt;DPNGPricingResponse...&gt; at /DPNGPricingResponse[1] to &lt;employees...&gt; at /employees[1] (DIFFERENT)
	at baseCode.CompareXMLFiles.filterAttributeandComparefiles(CompareXMLFiles.java:87)
	at testcases.TestToHitApiNcompareXMLs.hitApiandCompareXML(TestToHitApiNcompareXMLs.java:33)
	at java.base/java.util.ArrayList.forEach(ArrayList.java:1540)
... Removed 28 stack frames</pre></div><a href='#' onClick='toggleBox("stack-trace293474277", this, "Click to show all stack frames", "Click to hide stack frames")'>Click to show all stack frames</a>
<div class='stack-trace' id='stack-trace293474277'><pre>java.lang.AssertionError: Expected child nodelist length &apos;1&apos; but was &apos;3&apos; - comparing &lt;DPNGPricingResponse...&gt; at /DPNGPricingResponse[1] to &lt;employees...&gt; at /employees[1] (DIFFERENT)
	at org.testng.Assert.fail(Assert.java:99)
	at baseCode.CompareXMLFiles.filterAttributeandComparefiles(CompareXMLFiles.java:87)
	at testcases.TestToHitApiNcompareXMLs.hitApiandCompareXML(TestToHitApiNcompareXMLs.java:33)
	at java.base/jdk.internal.reflect.NativeMethodAccessorImpl.invoke0(Native Method)
	at java.base/jdk.internal.reflect.NativeMethodAccessorImpl.invoke(NativeMethodAccessorImpl.java:62)
	at java.base/jdk.internal.reflect.DelegatingMethodAccessorImpl.invoke(DelegatingMethodAccessorImpl.java:43)
	at java.base/java.lang.reflect.Method.invoke(Method.java:566)
	at org.testng.internal.MethodInvocationHelper.invokeMethod(MethodInvocationHelper.java:133)
	at org.testng.internal.TestInvoker.invokeMethod(TestInvoker.java:598)
	at org.testng.internal.TestInvoker.invokeTestMethod(TestInvoker.java:173)
	at org.testng.internal.MethodRunner.runInSequence(MethodRunner.java:46)
	at org.testng.internal.TestInvoker$MethodInvocationAgent.invoke(TestInvoker.java:824)
	at org.testng.internal.TestInvoker.invokeTestMethods(TestInvoker.java:146)
	at org.testng.internal.TestMethodWorker.invokeTestMethods(TestMethodWorker.java:146)
	at org.testng.internal.TestMethodWorker.run(TestMethodWorker.java:128)
	at java.base/java.util.ArrayList.forEach(ArrayList.java:1540)
	at org.testng.TestRunner.privateRun(TestRunner.java:794)
	at org.testng.TestRunner.run(TestRunner.java:596)
	at org.testng.SuiteRunner.runTest(SuiteRunner.java:377)
	at org.testng.SuiteRunner.runSequentially(SuiteRunner.java:371)
	at org.testng.SuiteRunner.privateRun(SuiteRunner.java:332)
	at org.testng.SuiteRunner.run(SuiteRunner.java:276)
	at org.testng.SuiteRunnerWorker.runSuite(SuiteRunnerWorker.java:53)
	at org.testng.SuiteRunnerWorker.run(SuiteRunnerWorker.java:96)
	at org.testng.TestNG.runSuitesSequentially(TestNG.java:1212)
	at org.testng.TestNG.runSuitesLocally(TestNG.java:1134)
	at org.testng.TestNG.runSuites(TestNG.java:1063)
	at org.testng.TestNG.run(TestNG.java:1031)
	at org.testng.remote.AbstractRemoteTestNG.run(AbstractRemoteTestNG.java:115)
	at org.testng.remote.RemoteTestNG.initAndRun(RemoteTestNG.java:251)
	at org.testng.remote.RemoteTestNG.main(RemoteTestNG.java:77)
</pre></div></td>
<td>0</td>
<td>testcases.TestToHitApiNcompareXMLs@7b8b43c7</td></tr>
<tr>
<td title='testcases.TestToHitApiNcompareXMLs.hitApiandCompareXML()'><b>hitApiandCompareXML</b><br>Test class: testcases.TestToHitApiNcompareXMLs<br>Test method: TestToHitApiNcompareXMLs<br>Parameters: i0307.POQEQQ_20220204-145715_000080292673_005056ad3f341eeca1c1b97ded3dad0d.xml, 80217940.outtarget.xml, outputxml2, org.testng.TestRunner@16ce702d</td>
<td><div><pre>java.lang.AssertionError: Expected child nodelist length &apos;1&apos; but was &apos;3&apos; - comparing &lt;DPNGPricingResponse...&gt; at /DPNGPricingResponse[1] to &lt;employees...&gt; at /employees[1] (DIFFERENT)
	at baseCode.CompareXMLFiles.filterAttributeandComparefiles(CompareXMLFiles.java:87)
	at testcases.TestToHitApiNcompareXMLs.hitApiandCompareXML(TestToHitApiNcompareXMLs.java:33)
	at java.base/java.util.ArrayList.forEach(ArrayList.java:1540)
... Removed 28 stack frames</pre></div><a href='#' onClick='toggleBox("stack-trace883380345", this, "Click to show all stack frames", "Click to hide stack frames")'>Click to show all stack frames</a>
<div class='stack-trace' id='stack-trace883380345'><pre>java.lang.AssertionError: Expected child nodelist length &apos;1&apos; but was &apos;3&apos; - comparing &lt;DPNGPricingResponse...&gt; at /DPNGPricingResponse[1] to &lt;employees...&gt; at /employees[1] (DIFFERENT)
	at org.testng.Assert.fail(Assert.java:99)
	at baseCode.CompareXMLFiles.filterAttributeandComparefiles(CompareXMLFiles.java:87)
	at testcases.TestToHitApiNcompareXMLs.hitApiandCompareXML(TestToHitApiNcompareXMLs.java:33)
	at java.base/jdk.internal.reflect.NativeMethodAccessorImpl.invoke0(Native Method)
	at java.base/jdk.internal.reflect.NativeMethodAccessorImpl.invoke(NativeMethodAccessorImpl.java:62)
	at java.base/jdk.internal.reflect.DelegatingMethodAccessorImpl.invoke(DelegatingMethodAccessorImpl.java:43)
	at java.base/java.lang.reflect.Method.invoke(Method.java:566)
	at org.testng.internal.MethodInvocationHelper.invokeMethod(MethodInvocationHelper.java:133)
	at org.testng.internal.TestInvoker.invokeMethod(TestInvoker.java:598)
	at org.testng.internal.TestInvoker.invokeTestMethod(TestInvoker.java:173)
	at org.testng.internal.MethodRunner.runInSequence(MethodRunner.java:46)
	at org.testng.internal.TestInvoker$MethodInvocationAgent.invoke(TestInvoker.java:824)
	at org.testng.internal.TestInvoker.invokeTestMethods(TestInvoker.java:146)
	at org.testng.internal.TestMethodWorker.invokeTestMethods(TestMethodWorker.java:146)
	at org.testng.internal.TestMethodWorker.run(TestMethodWorker.java:128)
	at java.base/java.util.ArrayList.forEach(ArrayList.java:1540)
	at org.testng.TestRunner.privateRun(TestRunner.java:794)
	at org.testng.TestRunner.run(TestRunner.java:596)
	at org.testng.SuiteRunner.runTest(SuiteRunner.java:377)
	at org.testng.SuiteRunner.runSequentially(SuiteRunner.java:371)
	at org.testng.SuiteRunner.privateRun(SuiteRunner.java:332)
	at org.testng.SuiteRunner.run(SuiteRunner.java:276)
	at org.testng.SuiteRunnerWorker.runSuite(SuiteRunnerWorker.java:53)
	at org.testng.SuiteRunnerWorker.run(SuiteRunnerWorker.java:96)
	at org.testng.TestNG.runSuitesSequentially(TestNG.java:1212)
	at org.testng.TestNG.runSuitesLocally(TestNG.java:1134)
	at org.testng.TestNG.runSuites(TestNG.java:1063)
	at org.testng.TestNG.run(TestNG.java:1031)
	at org.testng.remote.AbstractRemoteTestNG.run(AbstractRemoteTestNG.java:115)
	at org.testng.remote.RemoteTestNG.initAndRun(RemoteTestNG.java:251)
	at org.testng.remote.RemoteTestNG.main(RemoteTestNG.java:77)
</pre></div></td>
<td>2</td>
<td>testcases.TestToHitApiNcompareXMLs@7b8b43c7</td></tr>
<tr>
<td title='testcases.TestToHitApiNcompareXMLs.hitApiandCompareXML()'><b>hitApiandCompareXML</b><br>Test class: testcases.TestToHitApiNcompareXMLs<br>Test method: TestToHitApiNcompareXMLs<br>Parameters: i0307.POQEQQ_20220204-150141_000080491283_005056ad3f341eeca1c1cd4df18f2d0d.xml, 80217940.xml, outputxm201, org.testng.TestRunner@16ce702d</td>
<td><div><pre>java.lang.AssertionError: Expected child nodelist length &apos;1&apos; but was &apos;3&apos; - comparing &lt;DPNGPricingResponse...&gt; at /DPNGPricingResponse[1] to &lt;employees...&gt; at /employees[1] (DIFFERENT)
	at baseCode.CompareXMLFiles.filterAttributeandComparefiles(CompareXMLFiles.java:87)
	at testcases.TestToHitApiNcompareXMLs.hitApiandCompareXML(TestToHitApiNcompareXMLs.java:33)
	at java.base/java.util.ArrayList.forEach(ArrayList.java:1540)
... Removed 27 stack frames</pre></div><a href='#' onClick='toggleBox("stack-trace1919576980", this, "Click to show all stack frames", "Click to hide stack frames")'>Click to show all stack frames</a>
<div class='stack-trace' id='stack-trace1919576980'><pre>java.lang.AssertionError: Expected child nodelist length &apos;1&apos; but was &apos;3&apos; - comparing &lt;DPNGPricingResponse...&gt; at /DPNGPricingResponse[1] to &lt;employees...&gt; at /employees[1] (DIFFERENT)
	at org.testng.Assert.fail(Assert.java:99)
	at baseCode.CompareXMLFiles.filterAttributeandComparefiles(CompareXMLFiles.java:87)
	at testcases.TestToHitApiNcompareXMLs.hitApiandCompareXML(TestToHitApiNcompareXMLs.java:33)
	at jdk.internal.reflect.GeneratedMethodAccessor1.invoke(Unknown Source)
	at java.base/jdk.internal.reflect.DelegatingMethodAccessorImpl.invoke(DelegatingMethodAccessorImpl.java:43)
	at java.base/java.lang.reflect.Method.invoke(Method.java:566)
	at org.testng.internal.MethodInvocationHelper.invokeMethod(MethodInvocationHelper.java:133)
	at org.testng.internal.TestInvoker.invokeMethod(TestInvoker.java:598)
	at org.testng.internal.TestInvoker.invokeTestMethod(TestInvoker.java:173)
	at org.testng.internal.MethodRunner.runInSequence(MethodRunner.java:46)
	at org.testng.internal.TestInvoker$MethodInvocationAgent.invoke(TestInvoker.java:824)
	at org.testng.internal.TestInvoker.invokeTestMethods(TestInvoker.java:146)
	at org.testng.internal.TestMethodWorker.invokeTestMethods(TestMethodWorker.java:146)
	at org.testng.internal.TestMethodWorker.run(TestMethodWorker.java:128)
	at java.base/java.util.ArrayList.forEach(ArrayList.java:1540)
	at org.testng.TestRunner.privateRun(TestRunner.java:794)
	at org.testng.TestRunner.run(TestRunner.java:596)
	at org.testng.SuiteRunner.runTest(SuiteRunner.java:377)
	at org.testng.SuiteRunner.runSequentially(SuiteRunner.java:371)
	at org.testng.SuiteRunner.privateRun(SuiteRunner.java:332)
	at org.testng.SuiteRunner.run(SuiteRunner.java:276)
	at org.testng.SuiteRunnerWorker.runSuite(SuiteRunnerWorker.java:53)
	at org.testng.SuiteRunnerWorker.run(SuiteRunnerWorker.java:96)
	at org.testng.TestNG.runSuitesSequentially(TestNG.java:1212)
	at org.testng.TestNG.runSuitesLocally(TestNG.java:1134)
	at org.testng.TestNG.runSuites(TestNG.java:1063)
	at org.testng.TestNG.run(TestNG.java:1031)
	at org.testng.remote.AbstractRemoteTestNG.run(AbstractRemoteTestNG.java:115)
	at org.testng.remote.RemoteTestNG.initAndRun(RemoteTestNG.java:251)
	at org.testng.remote.RemoteTestNG.main(RemoteTestNG.java:77)
</pre></div></td>
<td>0</td>
<td>testcases.TestToHitApiNcompareXMLs@7b8b43c7</td></tr>
<tr>
<td title='testcases.TestToHitApiNcompareXMLs.hitApiandCompareXML()'><b>hitApiandCompareXML</b><br>Test class: testcases.TestToHitApiNcompareXMLs<br>Test method: TestToHitApiNcompareXMLs<br>Parameters: i0307.POQEQQ_20220204-150236_000080468060_005056ad3f341eeca1c1d15f73892d0d.xml, 80217940.outtarget.xml, outputxml81, org.testng.TestRunner@16ce702d</td>
<td><div><pre>java.lang.AssertionError: Expected child nodelist length &apos;1&apos; but was &apos;3&apos; - comparing &lt;DPNGPricingResponse...&gt; at /DPNGPricingResponse[1] to &lt;employees...&gt; at /employees[1] (DIFFERENT)
	at baseCode.CompareXMLFiles.filterAttributeandComparefiles(CompareXMLFiles.java:87)
	at testcases.TestToHitApiNcompareXMLs.hitApiandCompareXML(TestToHitApiNcompareXMLs.java:33)
	at java.base/java.util.ArrayList.forEach(ArrayList.java:1540)
... Removed 27 stack frames</pre></div><a href='#' onClick='toggleBox("stack-trace635001030", this, "Click to show all stack frames", "Click to hide stack frames")'>Click to show all stack frames</a>
<div class='stack-trace' id='stack-trace635001030'><pre>java.lang.AssertionError: Expected child nodelist length &apos;1&apos; but was &apos;3&apos; - comparing &lt;DPNGPricingResponse...&gt; at /DPNGPricingResponse[1] to &lt;employees...&gt; at /employees[1] (DIFFERENT)
	at org.testng.Assert.fail(Assert.java:99)
	at baseCode.CompareXMLFiles.filterAttributeandComparefiles(CompareXMLFiles.java:87)
	at testcases.TestToHitApiNcompareXMLs.hitApiandCompareXML(TestToHitApiNcompareXMLs.java:33)
	at jdk.internal.reflect.GeneratedMethodAccessor1.invoke(Unknown Source)
	at java.base/jdk.internal.reflect.DelegatingMethodAccessorImpl.invoke(DelegatingMethodAccessorImpl.java:43)
	at java.base/java.lang.reflect.Method.invoke(Method.java:566)
	at org.testng.internal.MethodInvocationHelper.invokeMethod(MethodInvocationHelper.java:133)
	at org.testng.internal.TestInvoker.invokeMethod(TestInvoker.java:598)
	at org.testng.internal.TestInvoker.invokeTestMethod(TestInvoker.java:173)
	at org.testng.internal.MethodRunner.runInSequence(MethodRunner.java:46)
	at org.testng.internal.TestInvoker$MethodInvocationAgent.invoke(TestInvoker.java:824)
	at org.testng.internal.TestInvoker.invokeTestMethods(TestInvoker.java:146)
	at org.testng.internal.TestMethodWorker.invokeTestMethods(TestMethodWorker.java:146)
	at org.testng.internal.TestMethodWorker.run(TestMethodWorker.java:128)
	at java.base/java.util.ArrayList.forEach(ArrayList.java:1540)
	at org.testng.TestRunner.privateRun(TestRunner.java:794)
	at org.testng.TestRunner.run(TestRunner.java:596)
	at org.testng.SuiteRunner.runTest(SuiteRunner.java:377)
	at org.testng.SuiteRunner.runSequentially(SuiteRunner.java:371)
	at org.testng.SuiteRunner.privateRun(SuiteRunner.java:332)
	at org.testng.SuiteRunner.run(SuiteRunner.java:276)
	at org.testng.SuiteRunnerWorker.runSuite(SuiteRunnerWorker.java:53)
	at org.testng.SuiteRunnerWorker.run(SuiteRunnerWorker.java:96)
	at org.testng.TestNG.runSuitesSequentially(TestNG.java:1212)
	at org.testng.TestNG.runSuitesLocally(TestNG.java:1134)
	at org.testng.TestNG.runSuites(TestNG.java:1063)
	at org.testng.TestNG.run(TestNG.java:1031)
	at org.testng.remote.AbstractRemoteTestNG.run(AbstractRemoteTestNG.java:115)
	at org.testng.remote.RemoteTestNG.initAndRun(RemoteTestNG.java:251)
	at org.testng.remote.RemoteTestNG.main(RemoteTestNG.java:77)
</pre></div></td>
<td>2</td>
<td>testcases.TestToHitApiNcompareXMLs@7b8b43c7</td></tr>
</table><p>
<table width='100%' border='1' class='invocation-skipped'>
<tr><td colspan='4' align='center'><b>SKIPPED TESTS</b></td></tr>
<tr><td><b>Test method</b></td>
<td width="30%"><b>Exception</b></td>
<td width="10%"><b>Time (seconds)</b></td>
<td><b>Instance</b></td>
</tr>
<tr>
<td title='testcases.TestToHitApiNcompareXMLs.hitApiandCompareXML()'><b>hitApiandCompareXML</b><br>Test class: testcases.TestToHitApiNcompareXMLs<br>Test method: TestToHitApiNcompareXMLs<br>Parameters: i0307.POQEQQ_20220204-160530_000080511791_005056ad3f341eeca1c2ea8bab5b2d14.xml, 802179402121.xml, outputxml100, org.testng.TestRunner@16ce702d</td>
<td><div><pre>org.testng.SkipException: API File Not Found
	at baseCode.APIRequest.ApiRequest1(APIRequest.java:150)
	at testcases.TestToHitApiNcompareXMLs.hitApiandCompareXML(TestToHitApiNcompareXMLs.java:34)
	at java.base/java.util.ArrayList.forEach(ArrayList.java:1540)
... Removed 26 stack frames</pre></div><a href='#' onClick='toggleBox("stack-trace9843062", this, "Click to show all stack frames", "Click to hide stack frames")'>Click to show all stack frames</a>
<div class='stack-trace' id='stack-trace9843062'><pre>org.testng.SkipException: API File Not Found
	at baseCode.APIRequest.ApiRequest1(APIRequest.java:150)
	at testcases.TestToHitApiNcompareXMLs.hitApiandCompareXML(TestToHitApiNcompareXMLs.java:34)
	at jdk.internal.reflect.GeneratedMethodAccessor1.invoke(Unknown Source)
	at java.base/jdk.internal.reflect.DelegatingMethodAccessorImpl.invoke(DelegatingMethodAccessorImpl.java:43)
	at java.base/java.lang.reflect.Method.invoke(Method.java:566)
	at org.testng.internal.MethodInvocationHelper.invokeMethod(MethodInvocationHelper.java:133)
	at org.testng.internal.TestInvoker.invokeMethod(TestInvoker.java:598)
	at org.testng.internal.TestInvoker.invokeTestMethod(TestInvoker.java:173)
	at org.testng.internal.MethodRunner.runInSequence(MethodRunner.java:46)
	at org.testng.internal.TestInvoker$MethodInvocationAgent.invoke(TestInvoker.java:824)
	at org.testng.internal.TestInvoker.invokeTestMethods(TestInvoker.java:146)
	at org.testng.internal.TestMethodWorker.invokeTestMethods(TestMethodWorker.java:146)
	at org.testng.internal.TestMethodWorker.run(TestMethodWorker.java:128)
	at java.base/java.util.ArrayList.forEach(ArrayList.java:1540)
	at org.testng.TestRunner.privateRun(TestRunner.java:794)
	at org.testng.TestRunner.run(TestRunner.java:596)
	at org.testng.SuiteRunner.runTest(SuiteRunner.java:377)
	at org.testng.SuiteRunner.runSequentially(SuiteRunner.java:371)
	at org.testng.SuiteRunner.privateRun(SuiteRunner.java:332)
	at org.testng.SuiteRunner.run(SuiteRunner.java:276)
	at org.testng.SuiteRunnerWorker.runSuite(SuiteRunnerWorker.java:53)
	at org.testng.SuiteRunnerWorker.run(SuiteRunnerWorker.java:96)
	at org.testng.TestNG.runSuitesSequentially(TestNG.java:1212)
	at org.testng.TestNG.runSuitesLocally(TestNG.java:1134)
	at org.testng.TestNG.runSuites(TestNG.java:1063)
	at org.testng.TestNG.run(TestNG.java:1031)
	at org.testng.remote.AbstractRemoteTestNG.run(AbstractRemoteTestNG.java:115)
	at org.testng.remote.RemoteTestNG.initAndRun(RemoteTestNG.java:251)
	at org.testng.remote.RemoteTestNG.main(RemoteTestNG.java:77)
</pre></div></td>
<td>0</td>
<td>testcases.TestToHitApiNcompareXMLs@7b8b43c7</td></tr>
<tr>
<td title='testcases.TestToHitApiNcompareXMLs.hitApiandCompareXML()'><b>hitApiandCompareXML</b><br>Test class: testcases.TestToHitApiNcompareXMLs<br>Test method: TestToHitApiNcompareXMLs<br>Parameters: i0307.POQEQQ_20220204-160530_000080511791_005056ad3f341eeca1c2ea8bab5b2d14.xml, 802179402121.xml, outputxml13, org.testng.TestRunner@16ce702d</td>
<td><div><pre>org.testng.SkipException: API File Not Found
	at baseCode.APIRequest.ApiRequest1(APIRequest.java:150)
	at testcases.TestToHitApiNcompareXMLs.hitApiandCompareXML(TestToHitApiNcompareXMLs.java:34)
	at java.base/java.util.ArrayList.forEach(ArrayList.java:1540)
... Removed 27 stack frames</pre></div><a href='#' onClick='toggleBox("stack-trace274100821", this, "Click to show all stack frames", "Click to hide stack frames")'>Click to show all stack frames</a>
<div class='stack-trace' id='stack-trace274100821'><pre>org.testng.SkipException: API File Not Found
	at baseCode.APIRequest.ApiRequest1(APIRequest.java:150)
	at testcases.TestToHitApiNcompareXMLs.hitApiandCompareXML(TestToHitApiNcompareXMLs.java:34)
	at java.base/jdk.internal.reflect.NativeMethodAccessorImpl.invoke0(Native Method)
	at java.base/jdk.internal.reflect.NativeMethodAccessorImpl.invoke(NativeMethodAccessorImpl.java:62)
	at java.base/jdk.internal.reflect.DelegatingMethodAccessorImpl.invoke(DelegatingMethodAccessorImpl.java:43)
	at java.base/java.lang.reflect.Method.invoke(Method.java:566)
	at org.testng.internal.MethodInvocationHelper.invokeMethod(MethodInvocationHelper.java:133)
	at org.testng.internal.TestInvoker.invokeMethod(TestInvoker.java:598)
	at org.testng.internal.TestInvoker.invokeTestMethod(TestInvoker.java:173)
	at org.testng.internal.MethodRunner.runInSequence(MethodRunner.java:46)
	at org.testng.internal.TestInvoker$MethodInvocationAgent.invoke(TestInvoker.java:824)
	at org.testng.internal.TestInvoker.invokeTestMethods(TestInvoker.java:146)
	at org.testng.internal.TestMethodWorker.invokeTestMethods(TestMethodWorker.java:146)
	at org.testng.internal.TestMethodWorker.run(TestMethodWorker.java:128)
	at java.base/java.util.ArrayList.forEach(ArrayList.java:1540)
	at org.testng.TestRunner.privateRun(TestRunner.java:794)
	at org.testng.TestRunner.run(TestRunner.java:596)
	at org.testng.SuiteRunner.runTest(SuiteRunner.java:377)
	at org.testng.SuiteRunner.runSequentially(SuiteRunner.java:371)
	at org.testng.SuiteRunner.privateRun(SuiteRunner.java:332)
	at org.testng.SuiteRunner.run(SuiteRunner.java:276)
	at org.testng.SuiteRunnerWorker.runSuite(SuiteRunnerWorker.java:53)
	at org.testng.SuiteRunnerWorker.run(SuiteRunnerWorker.java:96)
	at org.testng.TestNG.runSuitesSequentially(TestNG.java:1212)
	at org.testng.TestNG.runSuitesLocally(TestNG.java:1134)
	at org.testng.TestNG.runSuites(TestNG.java:1063)
	at org.testng.TestNG.run(TestNG.java:1031)
	at org.testng.remote.AbstractRemoteTestNG.run(AbstractRemoteTestNG.java:115)
	at org.testng.remote.RemoteTestNG.initAndRun(RemoteTestNG.java:251)
	at org.testng.remote.RemoteTestNG.main(RemoteTestNG.java:77)
</pre></div></td>
<td>0</td>
<td>testcases.TestToHitApiNcompareXMLs@7b8b43c7</td></tr>
<tr>
<td title='testcases.TestToHitApiNcompareXMLs.hitApiandCompareXML()'><b>hitApiandCompareXML</b><br>Test class: testcases.TestToHitApiNcompareXMLs<br>Test method: TestToHitApiNcompareXMLs<br>Parameters: i0307.POQEQQ_20220204-145649_000080292574_005056ad3f341eeca1c1b7755c272d0.xml, dpngsource.xml, outputxml, org.testng.TestRunner@16ce702d</td>
<td><div><pre>org.testng.SkipException: Source File Not Found
	at baseCode.CompareXMLFiles.filterAttributeandComparefiles(CompareXMLFiles.java:39)
	at testcases.TestToHitApiNcompareXMLs.hitApiandCompareXML(TestToHitApiNcompareXMLs.java:33)
	at java.base/java.util.ArrayList.forEach(ArrayList.java:1540)
... Removed 27 stack frames</pre></div><a href='#' onClick='toggleBox("stack-trace504336483", this, "Click to show all stack frames", "Click to hide stack frames")'>Click to show all stack frames</a>
<div class='stack-trace' id='stack-trace504336483'><pre>org.testng.SkipException: Source File Not Found
	at baseCode.CompareXMLFiles.filterAttributeandComparefiles(CompareXMLFiles.java:39)
	at testcases.TestToHitApiNcompareXMLs.hitApiandCompareXML(TestToHitApiNcompareXMLs.java:33)
	at java.base/jdk.internal.reflect.NativeMethodAccessorImpl.invoke0(Native Method)
	at java.base/jdk.internal.reflect.NativeMethodAccessorImpl.invoke(NativeMethodAccessorImpl.java:62)
	at java.base/jdk.internal.reflect.DelegatingMethodAccessorImpl.invoke(DelegatingMethodAccessorImpl.java:43)
	at java.base/java.lang.reflect.Method.invoke(Method.java:566)
	at org.testng.internal.MethodInvocationHelper.invokeMethod(MethodInvocationHelper.java:133)
	at org.testng.internal.TestInvoker.invokeMethod(TestInvoker.java:598)
	at org.testng.internal.TestInvoker.invokeTestMethod(TestInvoker.java:173)
	at org.testng.internal.MethodRunner.runInSequence(MethodRunner.java:46)
	at org.testng.internal.TestInvoker$MethodInvocationAgent.invoke(TestInvoker.java:824)
	at org.testng.internal.TestInvoker.invokeTestMethods(TestInvoker.java:146)
	at org.testng.internal.TestMethodWorker.invokeTestMethods(TestMethodWorker.java:146)
	at org.testng.internal.TestMethodWorker.run(TestMethodWorker.java:128)
	at java.base/java.util.ArrayList.forEach(ArrayList.java:1540)
	at org.testng.TestRunner.privateRun(TestRunner.java:794)
	at org.testng.TestRunner.run(TestRunner.java:596)
	at org.testng.SuiteRunner.runTest(SuiteRunner.java:377)
	at org.testng.SuiteRunner.runSequentially(SuiteRunner.java:371)
	at org.testng.SuiteRunner.privateRun(SuiteRunner.java:332)
	at org.testng.SuiteRunner.run(SuiteRunner.java:276)
	at org.testng.SuiteRunnerWorker.runSuite(SuiteRunnerWorker.java:53)
	at org.testng.SuiteRunnerWorker.run(SuiteRunnerWorker.java:96)
	at org.testng.TestNG.runSuitesSequentially(TestNG.java:1212)
	at org.testng.TestNG.runSuitesLocally(TestNG.java:1134)
	at org.testng.TestNG.runSuites(TestNG.java:1063)
	at org.testng.TestNG.run(TestNG.java:1031)
	at org.testng.remote.AbstractRemoteTestNG.run(AbstractRemoteTestNG.java:115)
	at org.testng.remote.RemoteTestNG.initAndRun(RemoteTestNG.java:251)
	at org.testng.remote.RemoteTestNG.main(RemoteTestNG.java:77)
</pre></div></td>
<td>2</td>
<td>testcases.TestToHitApiNcompareXMLs@7b8b43c7</td></tr>
</table><p>
</body>
</html>