<?xml version="1.0" encoding="UTF-8"?>
<!-- Generated by org.testng.reporters.JUnitXMLReporter -->
<testsuite ignored="0" hostname="VDXMP087727PR" failures="4" tests="4" name="SecondTest" time="0.896" errors="0" timestamp="2022-02-23T17:19:55 IST">
  <testcase classname="testcases.Test2" name="testcaseimplement2" time="0.488">
    <failure type="java.lang.AssertionError" message="Expected child nodelist length &amp;apos;7&amp;apos; but was &amp;apos;5&amp;apos; - comparing &amp;lt;Reports...&amp;gt; at /DPNGPricingResponse[1]/WorkRequests[1]/WorkRequest[2]/Reports[1] to &amp;lt;Reports...&amp;gt; at /DPNGPricingResponse[1]/WorkRequests[1]/WorkRequest[2]/Reports[1] (DIFFERENT)">
      <![CDATA[java.lang.AssertionError: Expected child nodelist length '7' but was '5' - comparing <Reports...> at /DPNGPricingResponse[1]/WorkRequests[1]/WorkRequest[2]/Reports[1] to <Reports...> at /DPNGPricingResponse[1]/WorkRequests[1]/WorkRequest[2]/Reports[1] (DIFFERENT)
at baseCode.CompareXMLFiles.filterAttributeandComparefiles(CompareXMLFiles.java:79)
at testcases.Test2.testcaseimplement2(Test2.java:24)
at java.base/java.util.ArrayList.forEach(ArrayList.java:1511)
... Removed 28 stack frames]]>
    </failure>
  </testcase> <!-- testcaseimplement2 -->
  <testcase classname="testcases.Test2" name="testcaseimplement2" time="0.153">
    <failure type="java.lang.AssertionError" message="Expected child nodelist length &amp;apos;5&amp;apos; but was &amp;apos;7&amp;apos; - comparing &amp;lt;Reports...&amp;gt; at /DPNGPricingResponse[1]/WorkRequests[1]/WorkRequest[1]/Reports[1] to &amp;lt;Reports...&amp;gt; at /DPNGPricingResponse[1]/WorkRequests[1]/WorkRequest[1]/Reports[1] (DIFFERENT)">
      <![CDATA[java.lang.AssertionError: Expected child nodelist length '5' but was '7' - comparing <Reports...> at /DPNGPricingResponse[1]/WorkRequests[1]/WorkRequest[1]/Reports[1] to <Reports...> at /DPNGPricingResponse[1]/WorkRequests[1]/WorkRequest[1]/Reports[1] (DIFFERENT)
at baseCode.CompareXMLFiles.filterAttributeandComparefiles(CompareXMLFiles.java:79)
at testcases.Test2.testcaseimplement2(Test2.java:24)
at java.base/java.util.ArrayList.forEach(ArrayList.java:1511)
... Removed 28 stack frames]]>
    </failure>
  </testcase> <!-- testcaseimplement2 -->
  <testcase classname="testcases.Test2" name="testcaseimplement2" time="0.084">
    <failure type="java.lang.AssertionError" message="expected [false] but found [true]">
      <![CDATA[java.lang.AssertionError: expected [false] but found [true]
at testcases.Test2.testcaseimplement2(Test2.java:31)
at java.base/java.util.ArrayList.forEach(ArrayList.java:1511)
... Removed 31 stack frames]]>
    </failure>
  </testcase> <!-- testcaseimplement2 -->
  <testcase classname="testcases.Test2" name="testcaseimplement2" time="0.091">
    <failure type="java.lang.AssertionError" message="expected [false] but found [true]">
      <![CDATA[java.lang.AssertionError: expected [false] but found [true]
at testcases.Test2.testcaseimplement2(Test2.java:31)
at java.base/java.util.ArrayList.forEach(ArrayList.java:1511)
... Removed 31 stack frames]]>
    </failure>
  </testcase> <!-- testcaseimplement2 -->
</testsuite> <!-- SecondTest -->
