-------------------------------------------------------------------------------
Test set: TestSuite
-------------------------------------------------------------------------------
Tests run: 7, Failures: 6, Errors: 0, Skipped: 0, Time elapsed: 3.506 sec <<< FAILURE! - in TestSuite
aDoLogin(pageObjects.testcaseImplement)  Time elapsed: 0.021 sec  <<< FAILURE!
java.lang.AssertionError: null
	at org.testng.Assert.fail(Assert.java:99)
	at org.testng.Assert.fail(Assert.java:106)
	at pageObjects.testcaseImplement.aDoLogin(testcaseImplement.java:19)

cDoLogin(pageObjects.testcaseImplement)  Time elapsed: 0.001 sec  <<< FAILURE!
java.lang.AssertionError: null
	at org.testng.Assert.fail(Assert.java:99)
	at org.testng.Assert.fail(Assert.java:106)
	at pageObjects.testcaseImplement.cDoLogin(testcaseImplement.java:27)

testcaseimplement1(pageObjects.testcaseImplement)  Time elapsed: 0.337 sec  <<< FAILURE!
java.lang.AssertionError: expected [false] but found [true]
	at org.testng.Assert.fail(Assert.java:99)
	at org.testng.Assert.failNotEquals(Assert.java:1037)
	at org.testng.Assert.assertFalse(Assert.java:67)
	at org.testng.Assert.assertFalse(Assert.java:77)
	at pageObjects.testcaseImplement.testcaseimplement1(testcaseImplement.java:42)

testcaseimplement1(pageObjects.testcaseImplement)  Time elapsed: 0.047 sec  <<< FAILURE!
java.lang.AssertionError: expected [false] but found [true]
	at org.testng.Assert.fail(Assert.java:99)
	at org.testng.Assert.failNotEquals(Assert.java:1037)
	at org.testng.Assert.assertFalse(Assert.java:67)
	at org.testng.Assert.assertFalse(Assert.java:77)
	at pageObjects.testcaseImplement.testcaseimplement1(testcaseImplement.java:42)

testcaseimplement1(pageObjects.testcaseImplement)  Time elapsed: 0.046 sec  <<< FAILURE!
java.lang.AssertionError: expected [false] but found [true]
	at org.testng.Assert.fail(Assert.java:99)
	at org.testng.Assert.failNotEquals(Assert.java:1037)
	at org.testng.Assert.assertFalse(Assert.java:67)
	at org.testng.Assert.assertFalse(Assert.java:77)
	at pageObjects.testcaseImplement.testcaseimplement1(testcaseImplement.java:42)

testcaseimplement1(pageObjects.testcaseImplement)  Time elapsed: 0.024 sec  <<< FAILURE!
org.xmlunit.XMLUnitException: Stream Closed
	at java.base/java.io.FileInputStream.read0(Native Method)
	at java.base/java.io.FileInputStream.read(FileInputStream.java:228)
	at java.xml/com.sun.org.apache.xerces.internal.impl.XMLEntityManager$RewindableInputStream.readAndBuffer(XMLEntityManager.java:3027)
	at java.xml/com.sun.org.apache.xerces.internal.impl.XMLEntityManager.setupCurrentEntity(XMLEntityManager.java:705)
	at java.xml/com.sun.org.apache.xerces.internal.impl.XMLVersionDetector.determineDocVersion(XMLVersionDetector.java:150)
	at java.xml/com.sun.org.apache.xerces.internal.parsers.XML11Configuration.parse(XML11Configuration.java:861)
	at java.xml/com.sun.org.apache.xerces.internal.parsers.XML11Configuration.parse(XML11Configuration.java:825)
	at java.xml/com.sun.org.apache.xerces.internal.parsers.XMLParser.parse(XMLParser.java:141)
	at java.xml/com.sun.org.apache.xerces.internal.parsers.DOMParser.parse(DOMParser.java:247)
	at java.xml/com.sun.org.apache.xerces.internal.jaxp.DocumentBuilderImpl.parse(DocumentBuilderImpl.java:342)
	at org.xmlunit.util.Convert.toDocument(Convert.java:141)
	at org.xmlunit.util.Convert.toDocument(Convert.java:104)
	at org.xmlunit.input.WhitespaceStrippedSource.<init>(WhitespaceStrippedSource.java:40)
	at org.xmlunit.builder.DiffBuilder.wrap(DiffBuilder.java:421)
	at org.xmlunit.builder.DiffBuilder.build(DiffBuilder.java:410)
	at pageObjects.ImplementCompareXMLandLog.filterAttributeandComparefiles(ImplementCompareXMLandLog.java:48)
	at pageObjects.testcaseImplement.testcaseimplement1(testcaseImplement.java:35)

